     -9.9375            0            1            1     0        0.125            0            0            1
     -9.8125            0            1            1     1        0.125            0            0            1
     -9.6875            0            1            1     2        0.125            0            0            1
     -9.5625            0            1            1     3        0.125            0            0            1
     -9.4375            0            1            1     4        0.125            0            0            1
     -9.3125            0            1            1     5        0.125            0            0            1
     -9.1875            0            1            1     6        0.125            0            0            1
     -9.0625            0            1            1     7        0.125            0            0            1
     -8.9375            0            1            1     8        0.125            0            0            1
     -8.8125            0            1            1     9        0.125            0            0            1
     -8.6875            0            1            1    10        0.125            0            0            1
     -8.5625            0            1            1    11        0.125            0            0            1
     -8.4375            0            1            1    12        0.125            0            0            1
     -8.3125            0            1            1    13        0.125            0            0            1
     -8.1875            0            1            1    14        0.125            0            0            1
     -8.0625            0            1            1    15        0.125            0            0            1
     -7.9375            0            1            1    16        0.125            0            0            1
     -7.8125            0            1            1    17        0.125            0            0            1
     -7.6875            0            1            1    18        0.125            0            0            1
     -7.5625            0            1            1    19        0.125            0            0            1
     -7.4375            0            1            1    20        0.125            0            0            1
     -7.3125            0            1            1    21        0.125            0            0            1
     -7.1875            0            1            1    22        0.125            0            0            1
     -7.0625            0            1            1    23        0.125            0            0            1
     -6.9375            0            1            1    24        0.125            0            0            1
     -6.8125            0            1            1    25        0.125            0            0            1
     -6.6875            0            1            1    26        0.125            0            0            1
     -6.5625            0            1            1    27        0.125            0            0            1
     -6.4375            0            1            1    28        0.125            0            0            1
     -6.3125            0            1            1    29        0.125            0            0            1
     -6.1875            0            1            1    30        0.125            0            0            1
     -6.0625            0            1            1    31        0.125            0            0            1
     -5.9375            0            1            1    32        0.125            0            0            1
     -5.8125            0            1            1    33        0.125            0            0            1
     -5.6875            0            1            1    34        0.125            0            0            1
     -5.5625            0            1            1    35        0.125            0            0            1
     -5.4375            0            1            1    36        0.125            0            0            1
     -5.3125            0            1            1    37        0.125            0            0            1
     -5.1875            0            1            1    38        0.125            0            0            1
     -5.0625            0            1            1    39        0.125            0            0            1
     -4.9375            0            1            1    40        0.125            0            0            1
     -4.8125            0            1            1    41        0.125            0            0            1
     -4.6875            0            1            1    42        0.125            0            0            1
     -4.5625            0            1            1    43        0.125            0            0            1
     -4.4375            0            1            1    44        0.125            0            0            1
     -4.3125            0            1            1    45        0.125            0            0            1
     -4.1875            0            1            1    46        0.125            0            0            1
     -4.0625            0            1            1    47        0.125            0            0            1
     -3.9375            0            1            1    48        0.125            0            0            1
     -3.8125            0            1            1    49        0.125            0            0            1
     -3.6875 1.165499e-15            1            1    50        0.125            0 2.930989e-14            1
     -3.5625 2.811777e-14            1            1    51        0.125            0 6.208367e-13            1
     -3.4375 -4.27655e-14            1            1    52        0.125            0 -1.074696e-12            1
     -3.3125 -2.456781e-13            1            1    53        0.125            0 -5.512035e-12            1
     -3.1875 8.313131e-12            1            1    54        0.125            0 2.202762e-10            1
     -3.0625 4.600031e-12            1            1    55        0.125            0 9.261836e-11            1
     -2.9375 5.457382e-12            1            1    56        0.125            0 -1.710621e-09            1
     -2.8125 2.920123e-10            1            1    57        0.125            0 9.264824e-09            1
     -2.6875 -6.484845e-10            1            1    58        0.125            0 -5.715784e-09            1
     -2.5625 2.979953e-08            1            1    59        0.125            0 5.304623e-07            1
     -2.4375 2.747446e-08    0.9999999    0.9999998    60        0.125            0 7.267044e-07            1
     -2.3125  3.76084e-07    0.9999994    0.9999994    61        0.125            0 -1.401267e-06            1
     -2.1875 5.826411e-06     1.000001     1.000001    62        0.125            0 0.0001351586    0.9999997
     -2.0625 -7.566576e-06    0.9999823    0.9999797    63        0.125            0 -0.0001486746     1.000005
   -1.937495 0.0001483197     1.000019     1.000022    64        0.125            0  0.002686025     0.999996
   -1.812505 -0.0001310133    0.9996874    0.9996092    65        0.125            0 -0.002246305     1.000047
   -1.687417  0.001605819     1.000056     1.000076    66        0.125            0   0.01932403     0.999997
   -1.562519 -0.0002180496    0.9995382    0.9992133    67        0.125            0 -0.001687277    0.9998596
   -1.437302 -0.002814694      1.00188     1.002379    68        0.125            0  -0.09036198    0.9997474
   -1.312988 -0.008399295     1.006994     1.009328    69        0.125            0   -0.0646454    0.9995265
   -1.189038  -0.01803949     1.007708     1.011112    70        0.125            0   -0.1241808     1.000301
     -1.0649  0.001127893    0.9884416     0.987188    71        0.125            0    0.4637217     1.003387
  -0.9361148   0.07526627    0.9689737    0.9589009    72        0.125            0    0.7916881      1.00216
  -0.8068952   0.05197263    0.8770568    0.8344311    73        0.125            0   -0.1582631     1.002655
  -0.6510705    0.1890571    0.9146724    0.8850837    74        0.125            0    0.2487113     1.002796
  -0.5335733    0.1414174     1.043284     1.062489    75        0.125            0    0.2332472     1.001292
  -0.4114426   0.08434985    0.6099384     0.485709    76        0.125            0    0.4210397     0.970456
  -0.1236958    0.6417975     0.604699    0.4836574    77        0.125            0    0.7487393     0.978099
 0.001986213    0.6045224    0.7404469    0.6521659    78        0.125            0     0.837882    0.9932684
   0.2139381     0.799594    0.4935155    0.4814497    79        0.125            0    0.6215523     1.293987
   0.5085559    0.7204964    0.3926702    0.3162634    80        0.125            0    0.5016422     1.170603
   0.8506046    0.4152523    0.3258527    0.2691088    81        0.125            0     0.884734     1.293297
    1.275774    0.1592288    0.2764383     0.207749    82        0.125            0    0.6461997     1.256903
    1.754966   0.03978314    0.2564192    0.1858959    83        0.125            0    0.2258841     1.249508
     2.25074  0.007312207    0.2512245    0.1806809    84        0.125            0   0.05229055     1.249757
    2.750092  0.001084827    0.2501827    0.1796734    85        0.125            0   0.00929645     1.250039
    3.250009 0.0001321679    0.2500227    0.1795213    86        0.125            0  0.001320369       1.2501
    3.750001 1.339085e-05    0.2500024    0.1795022    87        0.125            0 0.0001527447     1.250109
        4.25  1.13379e-06    0.2500002    0.1795002    88        0.125            0 1.451948e-05      1.25011
        4.75 8.054519e-08         0.25       0.1795    89        0.125            0 1.141525e-06     1.250111
        5.25 4.815422e-09         0.25       0.1795    90        0.125            0  7.45713e-08     1.250111
        5.75 2.429964e-10         0.25       0.1795    91        0.125            0 4.063923e-09     1.250111
        6.25 1.038757e-11         0.25       0.1795    92        0.125            0 1.855731e-10     1.250111
        6.75 3.779213e-13         0.25       0.1795    93        0.125            0   7.1394e-12     1.250111
        7.25 1.183476e-14         0.25       0.1795    94        0.125            0  2.33813e-13     1.250111
        7.75 3.539078e-16         0.25       0.1795    95        0.125            0 7.327472e-15     1.250111
        8.25            0         0.25       0.1795    96        0.125            0            0     1.250111
        8.75            0         0.25       0.1795    97        0.125            0            0     1.250111
        9.25            0         0.25       0.1795    98        0.125            0            0     1.250111
        9.75            0         0.25       0.1795    99        0.125            0            0     1.250111
