-9.98047 1 1 0 1
-9.94141 1 1 0 1
-9.90234 1 1 0 1
-9.86328 1 1 0 1
-9.82422 1 1 0 1
-9.78516 1 1 0 1
-9.74609 1 1 0 1
-9.70703 1 1 0 1
-9.66797 1 1 0 1
-9.62891 1 1 0 1
-9.58984 1 1 0 1
-9.55078 1 1 0 1
-9.51172 1 1 0 1
-9.47266 1 1 0 1
-9.43359 1 1 0 1
-9.39453 1 1 0 1
-9.35547 1 1 0 1
-9.31641 1 1 0 1
-9.27734 1 1 0 1
-9.23828 1 1 0 1
-9.19922 1 1 0 1
-9.16016 1 1 0 1
-9.12109 1 1 0 1
-9.08203 1 1 0 1
-9.04297 1 1 0 1
-9.00391 1 1 0 1
-8.96484 1 1 0 1
-8.92578 1 1 0 1
-8.88672 1 1 0 1
-8.84766 1 1 0 1
-8.80859 1 1 0 1
-8.76953 1 1 0 1
-8.73047 1 1 0 1
-8.69141 1 1 0 1
-8.65234 1 1 0 1
-8.61328 1 1 0 1
-8.57422 1 1 0 1
-8.53516 1 1 0 1
-8.49609 1 1 0 1
-8.45703 1 1 0 1
-8.41797 1 1 0 1
-8.37891 1 1 0 1
-8.33984 1 1 0 1
-8.30078 1 1 0 1
-8.26172 1 1 0 1
-8.22266 1 1 0 1
-8.18359 1 1 0 1
-8.14453 1 1 0 1
-8.10547 1 1 0 1
-8.06641 1 1 0 1
-8.02734 1 1 0 1
-7.98828 1 1 0 1
-7.94922 1 1 0 1
-7.91016 1 1 0 1
-7.87109 1 1 0 1
-7.83203 1 1 0 1
-7.79297 1 1 0 1
-7.75391 1 1 0 1
-7.71484 1 1 0 1
-7.67578 1 1 0 1
-7.63672 1 1 0 1
-7.59766 1 1 0 1
-7.55859 1 1 0 1
-7.51953 1 1 0 1
-7.48047 1 1 0 1
-7.44141 1 1 0 1
-7.40234 1 1 0 1
-7.36328 1 1 0 1
-7.32422 1 1 0 1
-7.28516 1 1 0 1
-7.24609 1 1 0 1
-7.20703 1 1 0 1
-7.16797 1 1 0 1
-7.12891 1 1 0 1
-7.08984 1 1 0 1
-7.05078 1 1 0 1
-7.01172 1 1 0 1
-6.97266 1 1 0 1
-6.93359 1 1 0 1
-6.89453 1 1 0 1
-6.85547 1 1 0 1
-6.81641 1 1 0 1
-6.77734 1 1 0 1
-6.73828 1 1 0 1
-6.69922 1 1 0 1
-6.66016 1 1 0 1
-6.62109 1 1 0 1
-6.58203 1 1 0 1
-6.54297 1 1 0 1
-6.50391 1 1 0 1
-6.46484 1 1 0 1
-6.42578 1 1 0 1
-6.38672 1 1 0 1
-6.34766 1 1 0 1
-6.30859 1 1 0 1
-6.26953 1 1 0 1
-6.23047 1 1 0 1
-6.19141 1 1 0 1
-6.15234 1 1 0 1
-6.11328 1 1 0 1
-6.07422 1 1 0 1
-6.03516 1 1 0 1
-5.99609 1 1 0 1
-5.95703 1 1 0 1
-5.91797 1 1 0 1
-5.87891 1 1 0 1
-5.83984 1 1 0 1
-5.80078 1 1 0 1
-5.76172 1 1 0 1
-5.72266 1 1 0 1
-5.68359 1 1 0 1
-5.64453 1 1 0 1
-5.60547 1 1 0 1
-5.56641 1 1 0 1
-5.52734 1 1 0 1
-5.48828 1 1 0 1
-5.44922 1 1 0 1
-5.41016 1 1 0 1
-5.37109 1 1 0 1
-5.33203 1 1 0 1
-5.29297 1 1 0 1
-5.25391 1 1 0 1
-5.21484 1 1 0 1
-5.17578 1 1 0 1
-5.13672 1 1 0 1
-5.09766 1 1 0 1
-5.05859 1 1 0 1
-5.01953 1 1 0 1
-4.98047 1 1 0 1
-4.94141 1 1 0 1
-4.90234 1 1 0 1
-4.86328 1 1 0 1
-4.82422 1 1 0 1
-4.78516 1 1 0 1
-4.74609 1 1 0 1
-4.70703 1 1 0 1
-4.66797 1 1 0 1
-4.62891 1 1 0 1
-4.58984 1 1 0 1
-4.55078 1 1 0 1
-4.51172 1 1 0 1
-4.47266 1 1 0 1
-4.43359 1 1 0 1
-4.39453 1 1 0 1
-4.35547 1 1 0 1
-4.31641 1 1 0 1
-4.27734 1 1 0 1
-4.23828 1 1 0 1
-4.19922 1 1 0 1
-4.16016 1 1 0 1
-4.12109 1 1 0 1
-4.08203 1 1 0 1
-4.04297 1 1 0 1
-4.00391 1 1 0 1
-3.96484 1 1 0 1
-3.92578 1 1 0 1
-3.88672 1 1 0 1
-3.84766 1 1 0 1
-3.80859 1 1 0 1
-3.76953 1 1 0 1
-3.73047 1 1 0 1
-3.69141 1 1 0 1
-3.65234 1 1 0 1
-3.61328 1 1 0 1
-3.57422 1 1 0 1
-3.53516 1 1 0 1
-3.49609 1 1 0 1
-3.45703 1 1 0 1
-3.41797 1 1 0 1
-3.37891 1 1 0 1
-3.33984 1 1 0 1
-3.30078 1 1 0 1
-3.26172 1 1 0 1
-3.22266 1 1 0 1
-3.18359 1 1 0 1
-3.14453 1 1 0 1
-3.10547 1 1 0 1
-3.06641 1 1 0 1
-3.02734 1 1 0 1
-2.98828 1 1 0 1
-2.94922 1 1 0 1
-2.91016 1 1 0 1
-2.87109 1 1 0 1
-2.83203 1 1 0 1
-2.79297 1 1 0 1
-2.75391 1 1 0 1
-2.71484 1 1 0 1
-2.67578 1 1 0 1
-2.63672 1 1 0 1
-2.59766 1 1 0 1
-2.55859 1 1 0 1
-2.51953 1 1 0 1
-2.48047 1 1 0 1
-2.44141 1 1 0 1
-2.40234 1 1 0 1
-2.36328 1 1 0 1
-2.32422 1 1 0 1
-2.28516 1 1 0 1
-2.24609 1 1 0 1
-2.20703 1 1 0 1
-2.16797 1 1 0 1
-2.12891 1 1 0 1
-2.08984 1 1 0 1
-2.05078 1 1 0 1
-2.01172 1 1 0 1
-1.97266 1 1 0 1
-1.93359 1 1 0 1
-1.89453 1 1 0 1
-1.85547 1 1 0 1
-1.81641 1 1 0 1
-1.77734 1 1 0 1
-1.73828 1 1 0 1
-1.69922 1 1 0 1
-1.66016 1 1 0 1
-1.62109 1 1 0 1
-1.58203 1 1 0 1
-1.54297 1 1 0 1
-1.50391 1 1 0 1
-1.46484 1 1 0 1
-1.42578 1 1 0 1
-1.38672 1 1 0 1
-1.34766 1 1 0 1
-1.30859 1 1 0 1
-1.26953 1 1 0 1
-1.23047 1 1 0 1
-1.19141 1 1 0 1
-1.15234 1 1 0 1
-1.11328 1 1 0 1
-1.07422 1 1 0 1
-1.03516 1 1 0 1
-0.996094 1 1 0 1
-0.957031 1 1 0 1
-0.917969 0.97507 0.965273 0.0297958 1
-0.878906 0.941831 0.919522 0.070486 1
-0.839844 0.909505 0.875643 0.111176 1
-0.800781 0.878072 0.83357 0.151866 1
-0.761719 0.847515 0.793243 0.192556 1
-0.722656 0.817814 0.754599 0.233246 1
-0.683594 0.788952 0.717581 0.273936 1
-0.644531 0.76091 0.682129 0.314627 1
-0.605469 0.733672 0.64819 0.355317 1
-0.566406 0.707219 0.615709 0.396007 1
-0.527344 0.681535 0.584633 0.436697 1
-0.488281 0.656602 0.554911 0.477387 1
-0.449219 0.632405 0.526494 0.518077 1
-0.410156 0.608926 0.499334 0.558767 1
-0.371094 0.58615 0.473383 0.599457 1
-0.332031 0.564061 0.448597 0.640147 1
-0.292969 0.546712 0.4294 0.673009 1
-0.253906 0.546712 0.4294 0.673009 1
-0.214844 0.546712 0.4294 0.673009 1
-0.175781 0.546712 0.4294 0.673009 1
-0.136719 0.546712 0.4294 0.673009 1
-0.0976562 0.546712 0.4294 0.673009 1
-0.0585938 0.546712 0.4294 0.673009 1
-0.0195312 0.546712 0.4294 0.673009 1
0.0195312 0.546712 0.4294 0.673009 1
0.0585938 0.546712 0.4294 0.673009 1
0.0976562 0.546712 0.4294 0.673009 1
0.136719 0.546712 0.4294 0.673009 1
0.175781 0.546712 0.4294 0.673009 1
0.214844 0.546712 0.4294 0.673009 1
0.253906 0.546712 0.4294 0.673009 1
0.292969 0.546712 0.4294 0.673009 1
0.332031 0.546712 0.4294 0.673009 1
0.371094 0.546712 0.4294 0.673009 1
0.410156 0.546712 0.4294 0.673009 1
0.449219 0.546712 0.4294 0.673009 1
0.488281 0.546712 0.4294 0.673009 1
0.527344 0.546712 0.4294 0.673009 1
0.566406 0.457365 0.4294 0.673009 1.28379
0.605469 0.457365 0.4294 0.673009 1.28379
0.644531 0.457365 0.4294 0.673009 1.28379
0.683594 0.457365 0.4294 0.673009 1.28379
0.722656 0.457365 0.4294 0.673009 1.28379
0.761719 0.457365 0.4294 0.673009 1.28379
0.800781 0.457365 0.4294 0.673009 1.28379
0.839844 0.457365 0.4294 0.673009 1.28379
0.878906 0.457365 0.4294 0.673009 1.28379
0.917969 0.457365 0.4294 0.673009 1.28379
0.957031 0.457365 0.4294 0.673009 1.28379
0.996094 0.457365 0.4294 0.673009 1.28379
1.03516 0.457365 0.4294 0.673009 1.28379
1.07422 0.457365 0.4294 0.673009 1.28379
1.11328 0.457365 0.4294 0.673009 1.28379
1.15234 0.457365 0.4294 0.673009 1.28379
1.19141 0.25 0.1795 0 1.25011
1.23047 0.25 0.1795 0 1.25011
1.26953 0.25 0.1795 0 1.25011
1.30859 0.25 0.1795 0 1.25011
1.34766 0.25 0.1795 0 1.25011
1.38672 0.25 0.1795 0 1.25011
1.42578 0.25 0.1795 0 1.25011
1.46484 0.25 0.1795 0 1.25011
1.50391 0.25 0.1795 0 1.25011
1.54297 0.25 0.1795 0 1.25011
1.58203 0.25 0.1795 0 1.25011
1.62109 0.25 0.1795 0 1.25011
1.66016 0.25 0.1795 0 1.25011
1.69922 0.25 0.1795 0 1.25011
1.73828 0.25 0.1795 0 1.25011
1.77734 0.25 0.1795 0 1.25011
1.81641 0.25 0.1795 0 1.25011
1.85547 0.25 0.1795 0 1.25011
1.89453 0.25 0.1795 0 1.25011
1.93359 0.25 0.1795 0 1.25011
1.97266 0.25 0.1795 0 1.25011
2.01172 0.25 0.1795 0 1.25011
2.05078 0.25 0.1795 0 1.25011
2.08984 0.25 0.1795 0 1.25011
2.12891 0.25 0.1795 0 1.25011
2.16797 0.25 0.1795 0 1.25011
2.20703 0.25 0.1795 0 1.25011
2.24609 0.25 0.1795 0 1.25011
2.28516 0.25 0.1795 0 1.25011
2.32422 0.25 0.1795 0 1.25011
2.36328 0.25 0.1795 0 1.25011
2.40234 0.25 0.1795 0 1.25011
2.44141 0.25 0.1795 0 1.25011
2.48047 0.25 0.1795 0 1.25011
2.51953 0.25 0.1795 0 1.25011
2.55859 0.25 0.1795 0 1.25011
2.59766 0.25 0.1795 0 1.25011
2.63672 0.25 0.1795 0 1.25011
2.67578 0.25 0.1795 0 1.25011
2.71484 0.25 0.1795 0 1.25011
2.75391 0.25 0.1795 0 1.25011
2.79297 0.25 0.1795 0 1.25011
2.83203 0.25 0.1795 0 1.25011
2.87109 0.25 0.1795 0 1.25011
2.91016 0.25 0.1795 0 1.25011
2.94922 0.25 0.1795 0 1.25011
2.98828 0.25 0.1795 0 1.25011
3.02734 0.25 0.1795 0 1.25011
3.06641 0.25 0.1795 0 1.25011
3.10547 0.25 0.1795 0 1.25011
3.14453 0.25 0.1795 0 1.25011
3.18359 0.25 0.1795 0 1.25011
3.22266 0.25 0.1795 0 1.25011
3.26172 0.25 0.1795 0 1.25011
3.30078 0.25 0.1795 0 1.25011
3.33984 0.25 0.1795 0 1.25011
3.37891 0.25 0.1795 0 1.25011
3.41797 0.25 0.1795 0 1.25011
3.45703 0.25 0.1795 0 1.25011
3.49609 0.25 0.1795 0 1.25011
3.53516 0.25 0.1795 0 1.25011
3.57422 0.25 0.1795 0 1.25011
3.61328 0.25 0.1795 0 1.25011
3.65234 0.25 0.1795 0 1.25011
3.69141 0.25 0.1795 0 1.25011
3.73047 0.25 0.1795 0 1.25011
3.76953 0.25 0.1795 0 1.25011
3.80859 0.25 0.1795 0 1.25011
3.84766 0.25 0.1795 0 1.25011
3.88672 0.25 0.1795 0 1.25011
3.92578 0.25 0.1795 0 1.25011
3.96484 0.25 0.1795 0 1.25011
4.00391 0.25 0.1795 0 1.25011
4.04297 0.25 0.1795 0 1.25011
4.08203 0.25 0.1795 0 1.25011
4.12109 0.25 0.1795 0 1.25011
4.16016 0.25 0.1795 0 1.25011
4.19922 0.25 0.1795 0 1.25011
4.23828 0.25 0.1795 0 1.25011
4.27734 0.25 0.1795 0 1.25011
4.31641 0.25 0.1795 0 1.25011
4.35547 0.25 0.1795 0 1.25011
4.39453 0.25 0.1795 0 1.25011
4.43359 0.25 0.1795 0 1.25011
4.47266 0.25 0.1795 0 1.25011
4.51172 0.25 0.1795 0 1.25011
4.55078 0.25 0.1795 0 1.25011
4.58984 0.25 0.1795 0 1.25011
4.62891 0.25 0.1795 0 1.25011
4.66797 0.25 0.1795 0 1.25011
4.70703 0.25 0.1795 0 1.25011
4.74609 0.25 0.1795 0 1.25011
4.78516 0.25 0.1795 0 1.25011
4.82422 0.25 0.1795 0 1.25011
4.86328 0.25 0.1795 0 1.25011
4.90234 0.25 0.1795 0 1.25011
4.94141 0.25 0.1795 0 1.25011
4.98047 0.25 0.1795 0 1.25011
5.01953 0.25 0.1795 0 1.25011
5.05859 0.25 0.1795 0 1.25011
5.09766 0.25 0.1795 0 1.25011
5.13672 0.25 0.1795 0 1.25011
5.17578 0.25 0.1795 0 1.25011
5.21484 0.25 0.1795 0 1.25011
5.25391 0.25 0.1795 0 1.25011
5.29297 0.25 0.1795 0 1.25011
5.33203 0.25 0.1795 0 1.25011
5.37109 0.25 0.1795 0 1.25011
5.41016 0.25 0.1795 0 1.25011
5.44922 0.25 0.1795 0 1.25011
5.48828 0.25 0.1795 0 1.25011
5.52734 0.25 0.1795 0 1.25011
5.56641 0.25 0.1795 0 1.25011
5.60547 0.25 0.1795 0 1.25011
5.64453 0.25 0.1795 0 1.25011
5.68359 0.25 0.1795 0 1.25011
5.72266 0.25 0.1795 0 1.25011
5.76172 0.25 0.1795 0 1.25011
5.80078 0.25 0.1795 0 1.25011
5.83984 0.25 0.1795 0 1.25011
5.87891 0.25 0.1795 0 1.25011
5.91797 0.25 0.1795 0 1.25011
5.95703 0.25 0.1795 0 1.25011
5.99609 0.25 0.1795 0 1.25011
6.03516 0.25 0.1795 0 1.25011
6.07422 0.25 0.1795 0 1.25011
6.11328 0.25 0.1795 0 1.25011
6.15234 0.25 0.1795 0 1.25011
6.19141 0.25 0.1795 0 1.25011
6.23047 0.25 0.1795 0 1.25011
6.26953 0.25 0.1795 0 1.25011
6.30859 0.25 0.1795 0 1.25011
6.34766 0.25 0.1795 0 1.25011
6.38672 0.25 0.1795 0 1.25011
6.42578 0.25 0.1795 0 1.25011
6.46484 0.25 0.1795 0 1.25011
6.50391 0.25 0.1795 0 1.25011
6.54297 0.25 0.1795 0 1.25011
6.58203 0.25 0.1795 0 1.25011
6.62109 0.25 0.1795 0 1.25011
6.66016 0.25 0.1795 0 1.25011
6.69922 0.25 0.1795 0 1.25011
6.73828 0.25 0.1795 0 1.25011
6.77734 0.25 0.1795 0 1.25011
6.81641 0.25 0.1795 0 1.25011
6.85547 0.25 0.1795 0 1.25011
6.89453 0.25 0.1795 0 1.25011
6.93359 0.25 0.1795 0 1.25011
6.97266 0.25 0.1795 0 1.25011
7.01172 0.25 0.1795 0 1.25011
7.05078 0.25 0.1795 0 1.25011
7.08984 0.25 0.1795 0 1.25011
7.12891 0.25 0.1795 0 1.25011
7.16797 0.25 0.1795 0 1.25011
7.20703 0.25 0.1795 0 1.25011
7.24609 0.25 0.1795 0 1.25011
7.28516 0.25 0.1795 0 1.25011
7.32422 0.25 0.1795 0 1.25011
7.36328 0.25 0.1795 0 1.25011
7.40234 0.25 0.1795 0 1.25011
7.44141 0.25 0.1795 0 1.25011
7.48047 0.25 0.1795 0 1.25011
7.51953 0.25 0.1795 0 1.25011
7.55859 0.25 0.1795 0 1.25011
7.59766 0.25 0.1795 0 1.25011
7.63672 0.25 0.1795 0 1.25011
7.67578 0.25 0.1795 0 1.25011
7.71484 0.25 0.1795 0 1.25011
7.75391 0.25 0.1795 0 1.25011
7.79297 0.25 0.1795 0 1.25011
7.83203 0.25 0.1795 0 1.25011
7.87109 0.25 0.1795 0 1.25011
7.91016 0.25 0.1795 0 1.25011
7.94922 0.25 0.1795 0 1.25011
7.98828 0.25 0.1795 0 1.25011
8.02734 0.25 0.1795 0 1.25011
8.06641 0.25 0.1795 0 1.25011
8.10547 0.25 0.1795 0 1.25011
8.14453 0.25 0.1795 0 1.25011
8.18359 0.25 0.1795 0 1.25011
8.22266 0.25 0.1795 0 1.25011
8.26172 0.25 0.1795 0 1.25011
8.30078 0.25 0.1795 0 1.25011
8.33984 0.25 0.1795 0 1.25011
8.37891 0.25 0.1795 0 1.25011
8.41797 0.25 0.1795 0 1.25011
8.45703 0.25 0.1795 0 1.25011
8.49609 0.25 0.1795 0 1.25011
8.53516 0.25 0.1795 0 1.25011
8.57422 0.25 0.1795 0 1.25011
8.61328 0.25 0.1795 0 1.25011
8.65234 0.25 0.1795 0 1.25011
8.69141 0.25 0.1795 0 1.25011
8.73047 0.25 0.1795 0 1.25011
8.76953 0.25 0.1795 0 1.25011
8.80859 0.25 0.1795 0 1.25011
8.84766 0.25 0.1795 0 1.25011
8.88672 0.25 0.1795 0 1.25011
8.92578 0.25 0.1795 0 1.25011
8.96484 0.25 0.1795 0 1.25011
9.00391 0.25 0.1795 0 1.25011
9.04297 0.25 0.1795 0 1.25011
9.08203 0.25 0.1795 0 1.25011
9.12109 0.25 0.1795 0 1.25011
9.16016 0.25 0.1795 0 1.25011
9.19922 0.25 0.1795 0 1.25011
9.23828 0.25 0.1795 0 1.25011
9.27734 0.25 0.1795 0 1.25011
9.31641 0.25 0.1795 0 1.25011
9.35547 0.25 0.1795 0 1.25011
9.39453 0.25 0.1795 0 1.25011
9.43359 0.25 0.1795 0 1.25011
9.47266 0.25 0.1795 0 1.25011
9.51172 0.25 0.1795 0 1.25011
9.55078 0.25 0.1795 0 1.25011
9.58984 0.25 0.1795 0 1.25011
9.62891 0.25 0.1795 0 1.25011
9.66797 0.25 0.1795 0 1.25011
9.70703 0.25 0.1795 0 1.25011
9.74609 0.25 0.1795 0 1.25011
9.78516 0.25 0.1795 0 1.25011
9.82422 0.25 0.1795 0 1.25011
9.86328 0.25 0.1795 0 1.25011
9.90234 0.25 0.1795 0 1.25011
9.94141 0.25 0.1795 0 1.25011
9.98047 0.25 0.1795 0 1.25011
