0.005 0 1 1 0 0.01 0 0 0
0.015 3.19167e-13 1 1 1 0.01 0 6.5788e-11 1
0.025 1.00334e-12 1 1 2 0.01 0 2.0189e-10 1
0.035 5.50884e-12 1 1 3 0.01 0 1.07152e-09 1
0.045 1.74859e-11 1 1 4 0.01 0 3.34056e-09 1
0.055 8.90794e-11 1 1 5 0.01 0 1.64184e-08 1
0.065 2.72171e-10 1 1 6 0.01 0 4.91836e-08 1
0.075 1.28637e-09 1 1 7 0.01 0 2.2369e-07 1
0.085 3.77071e-09 1 1 8 0.01 0 6.41329e-07 1
0.095 1.64746e-08 1 1 9 0.01 0 2.68779e-06 1
0.105 4.61489e-08 1 1 10 0.01 0 7.34263e-06 1
0.115 1.85585e-07 1 1 11 0.01 0 2.82131e-05 1
0.125 4.94519e-07 0.999999 0.999999 12 0.01 0 7.30477e-05 1
0.135 1.82092e-06 0.999999 0.999998 13 0.01 0 0.000255712 1
0.145 4.59002e-06 0.999995 0.999993 14 0.01 0 0.000623352 1
0.155 1.53758e-05 0.999989 0.999984 15 0.01 0 0.00197197 1
0.165 3.64153e-05 0.999963 0.999948 16 0.01 0 0.00448776 0.999999
0.175001 0.000110063 0.999916 0.999881 17 0.01 0 0.0126914 0.999998
0.185002 0.000242807 0.999762 0.99966 18 0.01 0 0.0266624 0.999994
0.195006 0.000655097 0.999495 0.999281 19 0.01 0 0.0664065 0.999987
0.205012 0.00133151 0.998723 0.998183 20 0.01 0 0.126843 0.99997
0.215031 0.00316379 0.997525 0.996484 21 0.01 0 0.272693 0.999946
0.225062 0.00584819 0.994531 0.992246 22 0.01 0 0.464567 0.999894
0.235141 0.0120622 0.990434 0.986468 23 0.01 0 0.842409 0.999832
0.245255 0.0200365 0.981793 0.974333 24 0.01 0 1.25608 0.999723
0.255512 0.0355646 0.971554 0.960035 25 0.01 0 1.89185 0.999617
0.26584 0.052886 0.95353 0.935047 26 0.01 0 2.45231 0.99946
0.276487 0.0813688 0.93501 0.909595 27 0.01 0 3.10005 0.999323
0.287231 0.109504 0.907337 0.871967 28 0.01 0 3.55679 0.999135
0.298529 0.149909 0.881856 0.837724 29 0.01 0 3.94405 0.998951
0.30991 0.186821 0.847958 0.792791 30 0.01 0 4.16694 0.998699
0.322115 0.235664 0.818576 0.754393 31 0.01 0 4.29939 0.998423
0.334343 0.278741 0.78175 0.70705 32 0.01 0 4.3507 0.998056
0.347699 0.333969 0.750693 0.667773 33 0.01 0 4.3658 0.997657
0.360985 0.38178 0.712355 0.620199 34 0.01 0 4.32152 0.997139
0.375775 0.44348 0.680889 0.581873 35 0.01 0 4.30518 0.996601
0.390358 0.495093 0.641248 0.534633 36 0.01 0 4.1792 0.995907
0.406964 0.564713 0.61061 0.498875 37 0.01 0 4.15941 0.995225
0.423112 0.618129 0.569441 0.452023 38 0.01 0 3.90981 0.994334
0.442086 0.697794 0.541852 0.421316 39 0.01 0 3.87333 0.993517
0.460023 0.746973 0.499193 0.375208 40 0.01 0 3.38591 0.99242
0.482151 0.836752 0.479522 0.354341 41 0.01 0 3.18063 0.991493
0.501731 0.864776 0.438732 0.312501 42 0.01 0 2.27334 0.990311
0.527737 0.942963 0.435456 0.309794 43 0.01 -0.403765 1.06837 0.992089
0.54766 0.934852 0.410943 0.284066 44 0.01 0.403765 1.01241 0.986563
0.576405 0.952417 0.417287 0.298354 45 0.01 -0.613936 -0.546117 1.0142
0.595588 0.940817 0.413765 0.283041 46 0.01 0.248562 -0.381846 0.973631
0.624742 0.930383 0.420821 0.311011 47 0.01 0.226951 -0.183842 1.04481
0.643114 0.927948 0.420554 0.291245 48 0.01 -0.19027 -0.0866928 0.979284
0.672298 0.918348 0.387853 0.308899 49 0.01 0.221259 -0.0908011 1.16328
0.69468 0.920129 0.106035 0.297356 50 0.00125 0.107434 3.63476 6.88093
0.695875 0.915047 1.04101 0.302119 51 0.00125 -4.25448 -5.20975 0.285588
0.697082 0.918226 0.458795 0.299525 52 0.00125 3.66776 2.19291 0.891592
0.701324 0.913232 0.27129 0.303873 53 0.00125 0.506285 -0.0342621 1.88748
0.706297 0.913132 0.259172 0.301201 54 0.00125 -0.268921 0.231996 1.99449
0.710971 0.911472 0.263114 0.302424 55 0.00125 0.349357 0.208802 1.96072
0.715799 0.913062 0.26059 0.301388 56 0.00125 -0.157197 -0.283855 1.98055
0.720564 0.912373 0.262258 0.302768 57 0.00125 0.157197 -0.229734 1.97193
0.725331 0.913072 0.2623 0.302389 58 0.00125 -0.071636 0.105202 1.96901
0.730095 0.912738 0.262419 0.302375 59 0.00125 0.0160144 0.112443 1.96767
0.734858 0.912163 0.263162 0.302186 60 0.00125 0.0201706 -0.163935 1.95868
0.739595 0.911906 0.263152 0.302623 61 0.00125 0.035451 -0.243554 1.96161
0.744358 0.915442 0.263708 0.302652 62 0.00125 0 -0.532747 1.956
0.749075 0.915618 0.264422 0.304076 63 0.00125 0 -0.432005 1.95779
0.753813 0.9166 0.264805 0.303933 64 0.00125 -0.148205 0.141358 1.9529
0.758516 0.916146 0.264513 0.303394 65 0.00125 0.148205 0.357311 1.95245
0.763264 0.916189 0.264719 0.30333 66 0.00125 0 -0.653545 1.94991
0.76796 0.917266 0.265552 0.304878 67 0.00125 0 -0.62292 1.95126
0.772678 0.919602 0.265604 0.304895 68 0.00125 -0.141572 0.14467 1.95084
0.777373 0.919197 0.265142 0.304396 69 0.00125 0.0652066 0.375651 1.9524
0.782107 0.917635 0.264736 0.304088 70 0.00125 0.0763651 -0.693092 1.95461
0.786816 0.920304 0.265474 0.305643 71 0.00125 0 -1.50475 1.95697
0.791524 0.929196 0.266272 0.307389 72 0.00125 0 -1.13577 1.95989
0.796205 0.93118 0.266834 0.309072 73 0.00125 -0.355859 -0.224112 1.96482
0.800894 0.930476 0.26567 0.307653 74 0.00125 0.355859 0.63484 1.9678
0.805615 0.929082 0.265424 0.307798 75 0.00125 0 -1.92213 1.97128
0.810313 0.940963 0.267521 0.311477 76 0.00125 0 -1.89265 1.973
0.81496 0.947694 0.268693 0.313566 77 0.00125 -2.32111 0.694772 1.9741
0.819617 0.938274 0.265386 0.306965 78 0.00125 -2.66897 1.95438 1.96635
0.82438 0.913209 0.261113 0.300424 79 0.00125 4.99008 0.924306 1.96868
0.829191 0.946967 0.267341 0.310969 80 0.00125 0 -10.8458 1.97163
0.833732 0.989006 0.278107 0.329024 81 0.00125 -8.96887 -0.000564683 1.97393
0.838181 0.967848 0.268304 0.305017 82 0.00125 -27.2309 16.9566 1.92418
0.843049 0.816171 0.227564 0.233411 83 0.00125 -8.95571 44.8919 1.85429
0.849166 0.533811 0.18063 0.167615 84 0.00125 15.1751 52.3615 1.83996
0.85689 0.273677 0.150335 0.12991 85 0.00125 15.3605 34.4187 1.844
0.865796 0.121315 0.135617 0.112358 86 0.00125 8.35056 16.7804 1.84232
0.875324 0.0503417 0.129305 0.104975 87 0.00125 3.7082 7.18792 1.84004
0.88513 0.0203681 0.126726 0.101988 88 0.00125 1.53124 2.93257 1.83882
0.895052 0.00816681 0.125689 0.100793 89 0.00125 0.61749 1.17804 1.83829
0.905021 0.00326086 0.125275 0.100316 90 0.00125 0.247506 0.471383 1.83807
0.915008 0.00129681 0.125109 0.100125 91 0.00125 0.0990918 0.188374 1.83798
0.925003 0.000512949 0.125043 0.100049 92 0.00125 0.0396214 0.0751125 1.83794
0.935001 0.000201437 0.125017 0.100019 93 0.00125 0.0157919 0.0298243 1.83793
0.945 7.84006e-05 0.125007 0.100008 94 0.00125 0.00625954 0.0117662 1.83792
0.955 3.01943e-05 0.125003 0.100003 95 0.00125 0.00246181 0.00460251 1.83792
0.965 1.14829e-05 0.125001 0.100001 96 0.00125 0.000957615 0.00178035 1.83792
0.975 4.27607e-06 0.125 0.1 97 0.00125 0.000368029 0.000674732 1.83792
0.985 1.50519e-06 0.125 0.1 98 0.00125 0.000105075 0.000241705 1.83792
0.995 0 0.125 0.1 99 0.00125 0 0 0
