    -9.96875            0            1            1     0       0.0625            0            0            0
    -9.90625            0            1            1     1       0.0625            0            0            1
    -9.84375            0            1            1     2       0.0625            0            0            1
    -9.78125            0            1            1     3       0.0625            0            0            1
    -9.71875            0            1            1     4       0.0625            0            0            1
    -9.65625            0            1            1     5       0.0625            0            0            1
    -9.59375            0            1            1     6       0.0625            0            0            1
    -9.53125            0            1            1     7       0.0625            0            0            1
    -9.46875            0            1            1     8       0.0625            0            0            1
    -9.40625            0            1            1     9       0.0625            0            0            1
    -9.34375            0            1            1    10       0.0625            0            0            1
    -9.28125            0            1            1    11       0.0625            0            0            1
    -9.21875            0            1            1    12       0.0625            0            0            1
    -9.15625            0            1            1    13       0.0625            0            0            1
    -9.09375            0            1            1    14       0.0625            0            0            1
    -9.03125            0            1            1    15       0.0625            0            0            1
    -8.96875            0            1            1    16       0.0625            0            0            1
    -8.90625            0            1            1    17       0.0625            0            0            1
    -8.84375            0            1            1    18       0.0625            0            0            1
    -8.78125            0            1            1    19       0.0625            0            0            1
    -8.71875            0            1            1    20       0.0625            0            0            1
    -8.65625            0            1            1    21       0.0625            0            0            1
    -8.59375            0            1            1    22       0.0625            0            0            1
    -8.53125            0            1            1    23       0.0625            0            0            1
    -8.46875            0            1            1    24       0.0625            0            0            1
    -8.40625            0            1            1    25       0.0625            0            0            1
    -8.34375            0            1            1    26       0.0625            0            0            1
    -8.28125            0            1            1    27       0.0625            0            0            1
    -8.21875            0            1            1    28       0.0625            0            0            1
    -8.15625            0            1            1    29       0.0625            0            0            1
    -8.09375            0            1            1    30       0.0625            0            0            1
    -8.03125            0            1            1    31       0.0625            0            0            1
    -7.96875            0            1            1    32       0.0625            0            0            1
    -7.90625            0            1            1    33       0.0625            0            0            1
    -7.84375            0            1            1    34       0.0625            0            0            1
    -7.78125            0            1            1    35       0.0625            0            0            1
    -7.71875            0            1            1    36       0.0625            0            0            1
    -7.65625            0            1            1    37       0.0625            0            0            1
    -7.59375            0            1            1    38       0.0625            0            0            1
    -7.53125            0            1            1    39       0.0625            0            0            1
    -7.46875            0            1            1    40       0.0625            0            0            1
    -7.40625            0            1            1    41       0.0625            0            0            1
    -7.34375            0            1            1    42       0.0625            0            0            1
    -7.28125            0            1            1    43       0.0625            0            0            1
    -7.21875            0            1            1    44       0.0625            0            0            1
    -7.15625            0            1            1    45       0.0625            0            0            1
    -7.09375            0            1            1    46       0.0625            0            0            1
    -7.03125            0            1            1    47       0.0625            0            0            1
    -6.96875 5.933271e-17            1            1    48       0.0625            0 3.552714e-15            1
    -6.90625 2.302753e-15            1            1    49       0.0625            0 1.136868e-13            1
    -6.84375 4.644327e-14            1            1    50       0.0625            0  2.23821e-12            1
    -6.78125 7.992327e-13            1            1    51       0.0625            0 3.771916e-11            1
    -6.71875 1.448651e-11            1            1    52       0.0625            0 5.782752e-10            1
    -6.65625 3.397817e-10            1            1    53       0.0625            0 1.463762e-08            1
    -6.59375 1.098657e-08            1            1    54       0.0625            0 9.246889e-07            1
    -6.53125 -1.32388e-08            1            1    55       0.0625 6.137057e-07 -2.024688e-06            1
    -6.46875 -3.485213e-07            1            1    56       0.0625 1.036848e-06 -8.891958e-06            1
    -6.40625 -5.369916e-07            1     1.000001    57       0.0625 2.125622e-06 -1.841991e-06            1
    -6.34375 -1.19174e-06     1.000001     1.000001    58       0.0625 4.432273e-06 -2.059598e-05            1
    -6.28125 -2.619544e-06     1.000002     1.000002    59       0.0625 9.127541e-06 -3.985618e-05            1
    -6.21875 -5.230136e-06     1.000003     1.000005    60       0.0625 1.787318e-05 -6.893778e-05            1
   -6.156251 -1.065262e-05     1.000007      1.00001    61       0.0625 3.392223e-05 -0.0001458556            1
   -6.093751 -2.059035e-05     1.000014      1.00002    62       0.0625 6.258779e-05 -0.0002656214     1.000001
   -6.031253 -3.875487e-05     1.000026     1.000038    63       0.0625 0.0001120261 -0.0004728014     1.000001
   -5.968755 -7.107393e-05     1.000048     1.000069    64       0.0625 0.0001944252 -0.0008221564     1.000002
    -5.90626 -0.0001264438     1.000086     1.000124    65       0.0625 0.0003277418 -0.001398172     1.000003
   -5.843768 -0.0002189501      1.00015     1.000216    66       0.0625 0.0005368105 -0.002298977     1.000006
   -5.781282 -0.0003684933     1.000256     1.000367    67       0.0625 0.0008537861   -0.0036599     1.000009
   -5.718805 -0.0006036733     1.000423     1.000606    68       0.0625  0.001317863 -0.005655664     1.000014
   -5.656342 -0.0009620413      1.00068     1.000973    69       0.0625   0.00197347 -0.008490561      1.00002
   -5.593901 -0.001491284     1.001065     1.001521    70       0.0625  0.002866089  -0.01233211      1.00003
   -5.531492 -0.002249077     1.001623     1.002314    71       0.0625  0.004035358   -0.0173729     1.000041
   -5.469127 -0.003299871     1.002406     1.003427    72       0.0625  0.005504751  -0.02370709     1.000056
   -5.406823 -0.004710522     1.003471     1.004937    73       0.0625  0.007268856  -0.03127555     1.000073
     -5.3446 -0.006541297     1.004873     1.006922    74       0.0625  0.009283735  -0.03992044     1.000093
   -5.282481 -0.008837321     1.006657     1.009447    75       0.0625   0.01146111   -0.0492166     1.000113
   -5.220489  -0.01161793     1.008852      1.01255    76       0.0625   0.01367008   -0.0585953     1.000134
   -5.158651  -0.01486835     1.011459     1.016233    77       0.0625   0.01575278  -0.06736027     1.000152
   -5.096989   -0.0185384      1.01445     1.020459    78       0.0625   0.01755061   -0.0748539     1.000167
   -5.035524  -0.02254505      1.01777     1.025148    79       0.0625   0.01893589  -0.08054354     1.000177
   -4.974269  -0.02678545     1.021338     1.030188    80       0.0625   0.01983998  -0.08420505     1.000183
   -4.913235  -0.03115149     1.025063     1.035455    81       0.0625   0.02033617  -0.08582456     1.000185
   -4.852425  -0.03555639     1.028872     1.040848    82       0.0625   0.02135077  -0.08658585     1.000187
   -4.791843  -0.04017181      1.03297     1.046701    83       0.0625     0.021293   -0.0980741     1.000231
   -4.731534  -0.04592997     1.041473     1.056983    84       0.0625   0.01435741  -0.09650142    0.9985287
   -4.671397  -0.04478413     1.038896     1.052925    85       0.0625  0.006020363    0.1426478    0.9981514
    -4.61048  -0.01377198      1.01234     1.015939    86       0.0625            0    0.8520533    0.9986434
   -4.546988   0.04329781    0.9687182    0.9554992    87       0.0625            0     1.057624    0.9989733
   -4.480494   0.09129161    0.9295686    0.9022637    88       0.0625            0    0.7216286    0.9994003
   -4.411905    0.1198246    0.9058712    0.8704822    89       0.0625            0    0.3917221    0.9996935
   -4.342215     0.131337    0.8969692    0.8583155    90       0.0625 0.0001710921   0.08881721    0.9994439
   -4.272344     0.129922    0.8943611     0.855044    91       0.0625 0.0001710921  -0.02657261    0.9997015
   -4.202365    0.1374936     0.888256    0.8472133    92       0.0625            0    0.2299415     1.000091
   -4.131589    0.1485085    0.8838725    0.8409592    93       0.0625  0.008635714  0.008727123    0.9996073
   -4.060831    0.1409798    0.8842048    0.8418477    94       0.0625   0.01484529  -0.07329492     1.000137
   -3.990374    0.1388624    0.8896182    0.8482124    95       0.0625  0.006185643  -0.05033119    0.9991242
   -3.920077    0.1373773    0.8907599    0.8489493    96       0.0625  0.006237176   0.03054658    0.9981982
   -3.849371    0.1553125    0.8747287    0.8283036    97       0.0625            0    0.4841112    0.9990031
   -3.776514    0.1998645    0.8425097    0.7867538    98       0.0625            0    0.7599722     1.000078
   -3.700558    0.2442185    0.8160254    0.7521618    99       0.0625  0.002474878     0.519483    0.9998299
     -3.6231     0.242275     0.812671    0.7471525   100       0.0625   0.01623751   -0.2846572    0.9989151
   -3.546454    0.2353537     0.816692    0.7522358   101       0.0625   0.01733116   0.04035487    0.9987858
   -3.469626    0.2468503    0.8064661    0.7396763   102       0.0625  0.001381228    0.3017891    0.9995882
   -3.391105    0.2817444    0.7854921    0.7130819   103       0.0625            0    0.5607826     0.999864
   -3.310169    0.3052853    0.7733148    0.6968939   104       0.0625   0.00620584   0.07739219    0.9987752
   -3.228956    0.3003402    0.7693313     0.692109   105       0.0625   0.00620584   0.01351933    0.9991155
   -3.147329    0.3214356     0.756138    0.6759813   106       0.0625            0    0.4437957    0.9997542
   -3.063321    0.3522527    0.7407005    0.6563356   107       0.0625            0    0.2707291    0.9991398
   -2.978098     0.358429    0.7323073    0.6458792   108       0.0625            0   0.07394667    0.9990348
   -2.892191    0.3740439    0.7214958    0.6328731   109       0.0625            0    0.2788495    0.9995149
   -2.804503    0.3997261    0.7074845    0.6155917   110       0.0625            0    0.3050732    0.9992844
   -2.715069    0.4153056    0.6969725    0.6026842   111       0.0625            0    0.1325766    0.9990516
   -2.624677    0.4290501    0.6863604    0.5900752   112       0.0625            0     0.232085    0.9993882
   -2.532575    0.4532327    0.6734528    0.5745177   113       0.0625            0    0.2789179    0.9992482
   -2.438609    0.4708992    0.6621811    0.5610488   114       0.0625            0    0.1657883    0.9991557
   -2.343345    0.4873349    0.6512196    0.5481522   115       0.0625            0    0.2313386    0.9992696
   -2.246235    0.5092847    0.6393412    0.5341623   116       0.0625            0    0.2221543    0.9991885
   -2.147363    0.5272328    0.6278405    0.5207956   117       0.0625            0    0.2048469    0.9992593
   -2.046705     0.547965    0.6165373    0.5076915   118       0.0625            0    0.2168873      0.99921
   -1.944165    0.5664496    0.6056744    0.4951936   119       0.0625            0     0.185676    0.9991715
   -1.839871    0.5853135      0.59481      0.48286   120       0.0625            0    0.2034355    0.9992902
   -1.733601    0.6056976     0.583966     0.470561   121       0.0625            0    0.1951188    0.9992482
     -1.6254    0.6236125    0.5739316    0.4592983   122       0.0625            0    0.1662566    0.9992878
   -1.515438    0.6410066    0.5646003    0.4488844   123       0.0625            0    0.1709996    0.9993025
   -1.403647    0.6572271     0.556375    0.4396545   124       0.0625            0    0.1341295    0.9990722
   -1.290322    0.6707371    0.5478553    0.4304314   125       0.0625            0     0.134979    0.9994746
    -1.17526    0.6902169    0.5378475    0.4196739   126       0.0625            0    0.1994981     0.999975
   -1.057957    0.7067639    0.5317173     0.412784   127       0.0625  0.007688958   0.05534912      0.99947
  -0.9400934    0.7015095    0.5315663    0.4126052   128       0.0625   0.02224475  -0.06279284    0.9994342
  -0.8228275    0.6980894    0.5331572    0.4145174   129       0.0625     0.021115  -0.02277485    0.9998743
  -0.7059095    0.6946771    0.5354737    0.4168746   130       0.0625   0.02879334  -0.03788061    0.9994751
  -0.5894439    0.6906464    0.5373798    0.4189697   131       0.0625   0.02854147  -0.03198946    0.9995137
  -0.4733951    0.6871458    0.5392876    0.4210315   132       0.0625   0.02575032  -0.02822191    0.9994613
  -0.3577185    0.6841092    0.5409535    0.4228318   133       0.0625   0.02164207  -0.02458159    0.9994101
  -0.2423681    0.6816573    0.5423648    0.4243507   134       0.0625   0.01760967  -0.01933697    0.9993482
  -0.1272774    0.6796934    0.5434753    0.4255547   135       0.0625    0.0138622  -0.01444876    0.9993177
 -0.01238459    0.6781721    0.5443159    0.4264557   136       0.0625   0.01049706  -0.01068059    0.9992692
   0.1023572    0.6770635     0.544957    0.4271322   137       0.0625  0.007669691 -0.008155165    0.9992064
    0.216984    0.6762775    0.5454433    0.4276524   138       0.0625  0.005593517 -0.006190335    0.9991748
   0.3315243    0.6756934    0.5458066    0.4280254   139       0.0625  0.004213987 -0.004495899    0.9991145
   0.4459998    0.6752316    0.5460799    0.4282907   140       0.0625  0.003249486  -0.00331428    0.9990332
   0.5604256    0.6748715    0.5462966    0.4285071   141       0.0625  0.002496575 -0.002705622     0.998983
   0.6748101    0.6746018    0.5464836    0.4286768   142       0.0625  0.001933138 -0.002287666    0.9989001
   0.7891575    0.6743901    0.5466469    0.4288078   143       0.0625  0.001551509 -0.001764877    0.9987875
   0.9034744    0.6742114    0.5467827    0.4289207   144       0.0625  0.001259298 -0.001270658    0.9987031
    1.017766    0.6740665    0.5469024    0.4289994   145       0.0625 0.0009840317 -0.001003203    0.9985802
    1.132033    0.6739602    0.5470194    0.4290599   146       0.0625  0.000750126 -0.0008635629     0.998422
    1.246275    0.6738803    0.5471354    0.4291212   147       0.0625 0.0005995609 -0.0007003326    0.9982682
    1.360494    0.6738111     0.547251    0.4291538   148       0.0625 0.0005127414 -0.0005329837    0.9980489
    1.474688    0.6737485    0.5473697    0.4291931   149       0.0625 0.0004439526 -0.0004527599    0.9978374
    1.588857    0.6736953    0.5475007    0.4292261   150       0.0625 0.0003809217 -0.0004450794    0.9975796
    1.702996    0.6736504    0.5476276    0.4292066   151       0.0625 0.0003348684 -0.0004187968    0.9972106
    1.817114    0.6736095    0.5479327     0.429636   152       0.0625  0.000303248 -0.0003495945    0.9974301
     1.93111    0.6735716    0.5482541    0.4284041   153       0.0625 0.0002711528 -0.0002998627    0.9937541
    2.045115    0.6735383    0.5497882     0.432497   154       0.0625 0.0002346082 -0.000288802    0.9993315
    2.159055    0.6735107    0.5466095    0.4252295   155       0.0625 0.0002066059 -0.0002763478    0.9905476
    2.272603     0.673486    0.5520654    0.4273526   156       0.0625 0.0001971438 -0.0002424017    0.9817472
    2.390488    0.6734624    0.5751544    0.4636552   157       0.0625 0.0001972357 -0.0002058262     1.005766
    2.490723    0.6734377    0.5431133    0.4114128   158       0.0625 0.0001564169 -0.0001936063    0.9670106
    2.637346    0.6734132    0.6798822    0.6122068   159     0.109375 0.0001542435 -0.0001840984      1.05073
    2.783654    0.6733931    0.4720985    0.4397276   160   0.05078125 0.0001172459 -0.0001675011     1.257587
    2.894178    0.6733817    0.4749709    0.4700853   161       0.0625 0.0001180355 -0.0001567111     1.333039
    3.035809    0.6733622    0.4476115    0.4309587   162       0.0625 0.0001430779 -0.0001248824     1.327926
    3.175083    0.6733432    0.4486902    0.4256045   163       0.0625 0.0001702596 -9.015368e-05     1.307016
    3.313269    0.6733216    0.4537219    0.4293495   164       0.0625  0.000205573 -4.217814e-05     1.298092
     3.45087    0.6732946    0.4548477     0.429571   165       0.0625 0.0003167092 2.317874e-05     1.294263
    3.588225    0.6732607    0.4553702    0.4295556   166       0.0625 0.0003793671 9.710771e-05     1.292138
    3.725446    0.6732201    0.4556599     0.429455   167       0.0625 0.0004295904 0.0001631369     1.290686
    3.862577    0.6731745    0.4558942    0.4294113   168       0.0625 0.0004511706 0.0001995173     1.289626
    3.999643    0.6731288    0.4560791    0.4293931   169       0.0625 0.0004439406 0.0002067641      1.28884
    4.136658     0.673085     0.456222    0.4293819   170       0.0625  0.000426049 0.0001746747     1.288241
    4.273636    0.6730443    0.4563324    0.4293707   171       0.0625 0.0004422098 0.0002045701     1.287771
    4.410584    0.6730028    0.4564172     0.429356   172       0.0625 0.0004745542 0.0002053638     1.287392
    4.547509     0.672942    0.4564849    0.4293408   173       0.0625 0.0004491892 0.0003721712     1.287079
    4.684416    0.6729147    0.4565525    0.4293419   174       0.0625 0.0006077782 0.0002821128     1.286815
    4.821301    0.6728695    0.4567088    0.4294347   175       0.0625  0.002020849 0.0008026687     1.286477
    4.958173    0.6726987    0.4567439    0.4293822   176       0.0625  0.007930819  0.002642388     1.286181
    5.095086    0.6719196    0.4565531    0.4289473   177       0.0625   0.02472208  0.009877595      1.28563
    5.232261    0.6690101    0.4550393    0.4268357   178       0.0625   0.06984434   0.02581074     1.285264
    5.370167    0.6622385    0.4502994    0.4204796   179       0.0625    0.1533988   0.07637892     1.284822
    5.510274    0.6418356    0.4430307    0.4099633   180       0.0625    0.3107722    0.1412897     1.281556
    5.654173    0.6186678    0.4279123    0.3898273   181       0.0625    0.7847564    0.1881463      1.27931
    5.804322    0.5565001    0.3924709    0.3456872   182       0.0625     1.766618    0.6150703     1.280421
    5.971444    0.4178675     0.342114     0.284374   183       0.0625     2.713696     1.011148     1.276588
    6.166063    0.2409141    0.2964897    0.2307639   184       0.0625     2.783231     1.009296     1.265769
    6.388435   0.09939902     0.268039    0.1988558   185       0.0625     1.909921    0.6102327     1.256207
    6.628519   0.02985246    0.2554835    0.1853026   186       0.0625    0.8921248    0.2271677     1.251911
    6.875806  0.007301887    0.2513852    0.1809607   187       0.0625    0.3015845    0.0612438     1.250572
    7.125173  0.001618303    0.2503131    0.1798302   188       0.0625   0.08077541    0.0141537     1.250218
    7.375036 0.0003428996    0.2500668    0.1795705   189       0.0625   0.01883489   0.00306984     1.250134
    7.625007 7.067995e-05    0.2500138    0.1795146   190       0.0625  0.004096291 0.0006458359     1.250116
    7.875001 1.420237e-05    0.2500027    0.1795029   191       0.0625 0.0008592465 0.0001323794     1.250112
       8.125 2.774047e-06    0.2500005    0.1795006   192       0.0625  0.000175743 2.682834e-05     1.250111
       8.375 5.048229e-07    0.2500001    0.1795001   193       0.0625 3.425519e-05 5.432453e-06     1.250111
       8.625 4.408455e-08         0.25       0.1795   194       0.0625 6.498246e-06 4.769439e-07     1.250111
       8.875 3.427502e-08         0.25       0.1795   195       0.0625 3.377613e-07 -1.262697e-07     1.250111
       9.125 -4.509189e-08         0.25       0.1795   196       0.0625  3.25415e-07 1.066865e-07     1.250111
       9.375 2.049249e-08         0.25       0.1795   197       0.0625            0 7.173223e-07     1.250111
       9.625 2.120293e-08         0.25       0.1795   198       0.0625 8.747693e-08 -7.452541e-08     1.250111
       9.875            0         0.25       0.1795   199       0.0625 8.747693e-08 -3.266334e-07            0
