       0.005            0            1            1     0         0.01 5.843037e-08 1.569674e-05            0
       0.015 -4.526849e-08            1            1     1         0.01 5.843037e-08 3.617843e-06            1
       0.025 3.356436e-08            1            1     2         0.01 8.338831e-08 -2.043975e-05            1
       0.035 2.296075e-08            1            1     3         0.01 9.267699e-08 2.712066e-05            1
       0.045 -2.374736e-08            1            1     4         0.01 2.872122e-08 -3.325762e-06            1
       0.055 -3.92984e-08            1            1     5         0.01 1.943253e-08 -2.511845e-06            1
       0.065 -9.613545e-09            1            1     6         0.01 8.205637e-08 -6.108857e-06            1
       0.075 -7.01729e-08            1            1     7         0.01  1.56918e-07 1.337577e-06            1
  0.08500001 -1.605502e-07            1            1     8         0.01 5.953352e-07 -1.944847e-05            1
       0.095 -3.018771e-07            1            1     9         0.01 2.157593e-06 -3.796925e-05            1
       0.105 -1.000539e-06            1     1.000001    10         0.01 8.109668e-06 -0.0001699991            1
       0.115 -3.346263e-06     1.000002     1.000003    11         0.01  2.72278e-05 -0.0005680171            1
   0.1249999 -1.156279e-05     1.000007      1.00001    12         0.01  8.35726e-05  -0.00187511     1.000001
   0.1349998 -3.667605e-05     1.000022     1.000033    13         0.01 0.0002341849 -0.005449501     1.000002
   0.1449993 -0.0001071229     1.000067     1.000098    14         0.01 0.0005994273   -0.0145633     1.000005
   0.1549981 -0.0002867957     1.000181     1.000265    15         0.01  0.001399821  -0.03532608     1.000011
   0.1649948 -0.0007025163      1.00045     1.000656    16         0.01  0.002976461  -0.07756949     1.000025
    0.174987 -0.001574111      1.00103     1.001492    17         0.01  0.005743161   -0.1539732      1.00005
   0.1849701 -0.003221331     1.002155     1.003108    18         0.01   0.01000506    -0.274285     1.000089
   0.1949367 -0.006009145     1.004125     1.005921    19         0.01   0.01563098   -0.4353047     1.000141
   0.2048766  -0.01019627     1.007204     1.010297    20         0.01   0.02173031   -0.6087577     1.000195
    0.214778   -0.0157169      1.01147     1.016332    21         0.01   0.02684154   -0.7411355     1.000233
   0.2246312  -0.02203691     1.016684     1.023682    22         0.01   0.02962492   -0.7706069     1.000241
   0.2344306  -0.02877902     1.023411     1.032812    23         0.01   0.02317382   -0.8430852    0.9998873
   0.2441728  -0.03429252     1.032379     1.043296    24         0.01   0.01477706   -0.3151028    0.9977754
   0.2539143   -0.0251887     1.019887     1.026354    25         0.01  0.000533051     2.678116    0.9984452
   0.2638933   0.02016032     0.984265    0.9769172    26         0.01            0     6.479474    0.9988514
   0.2743633   0.07933818     0.938747    0.9142235    27         0.01            0     6.261339    0.9988134
   0.2853327      0.12876    0.8993283    0.8607722    28         0.01            0     4.764641    0.9986255
   0.2967309    0.1711304    0.8660269    0.8163576    29         0.01            0      4.20024    0.9984734
   0.3085566    0.2143451    0.8336895    0.7738954    30         0.01            0     4.250225    0.9983347
   0.3208595    0.2611097    0.8001123     0.730492    31         0.01            0     4.382423    0.9981691
   0.3337045    0.3113641    0.7652091    0.6861304    32         0.01            0     4.452609    0.9979631
   0.3471618     0.365117    0.7291829    0.6411796    33         0.01            0     4.498028    0.9977198
   0.3613138    0.4226947    0.6921571    0.5958729    34         0.01            0     4.531593    0.9973947
   0.3762584    0.4843879     0.654064    0.5503059    35         0.01            0     4.554091    0.9970933
   0.3921105    0.5509626    0.6147847    0.5044513    36         0.01            0     4.589392    0.9967976
   0.4090224    0.6226434    0.5752915    0.4594471    37         0.01            0     4.495216    0.9963053
   0.4271316    0.6959062    0.5356983    0.4158626    38         0.01            0     4.252074    0.9964637
   0.4465675    0.7752302    0.4974694    0.3747569    39         0.01            0     4.189811    0.9960398
   0.4675486     0.847255      0.46338    0.3394326    40         0.01            0     2.965702    0.9964176
   0.4897907    0.9034804    0.4342967    0.3100845    41         0.01            0     2.917908    0.9967334
   0.5134806     0.966749    0.4201865    0.2953757    42         0.01    0.1048655   0.02606408    0.9943879
   0.5374761    0.9242306    0.4206889     0.295341    43         0.01    0.1048655    -0.448362    0.9926091
   0.5609425    0.9405225    0.4256609    0.3003099    44         0.01   0.04534097    0.1652157    0.9928426
   0.5845493    0.9292755    0.4224542     0.298373    45         0.01   0.03987075   -0.3383123    0.9969377
   0.6081034    0.9242878    0.4201702    0.2986026    46         0.01   0.03449777     0.518505     1.005306
   0.6323801    0.9297233    0.3943538    0.2850444    47         0.01   0.01247308    -1.032711      1.04875
   0.6548088    0.9256114    0.5349588    0.4157607    48         0.01   0.01847783    0.9111581     0.998148
   0.6715768    0.9187773    0.7955791    0.7327537    49         0.01  0.006004747   -0.3070425     1.009256
   0.6814425    0.9218602    0.3251539    0.3432684    50      0.00125            0   -0.8467895     1.654662
   0.6837745    0.9252851    0.2992813    0.3474423    51      0.00125            0   -0.2456984     1.880924
   0.6891191    0.9282247    0.2697996    0.3180592    52      0.00125            0    -1.294473     1.990903
   0.6939051    0.9308048    0.2585056    0.2953815    53      0.00125  0.002126908    0.5391722     1.963023
   0.6986025    0.9292524    0.2691853     0.307728    54      0.00125  0.002126908   -0.3423681     1.932391
   0.7032735    0.9303965     0.268514    0.3061185    55      0.00125  0.003532673   -0.3210464     1.929017
   0.7079263     0.931105    0.2687318    0.3060361    56      0.00125  0.003532673    0.8278325     1.926309
   0.7125815    0.9297283    0.2689749    0.3060506    57      0.00125  0.005942301    -1.247412     1.923963
   0.7172245    0.9339362    0.2691265    0.3059716    58      0.00125   0.01819206     0.982752      1.92195
   0.7218696    0.9277853    0.2691846    0.3058256    59      0.00125   0.02413436   -0.7847667     1.920452
   0.7265193    0.9371114    0.2704932    0.3079225    60      0.00125            0    -3.112106     1.920536
   0.7311242    0.9442439    0.2720787    0.3103691    61      0.00125   0.01188454    0.1356249     1.920022
   0.7357213    0.9437484      0.27168    0.3099797    62      0.00125   0.02664589    0.6508335     1.921554
   0.7403282    0.9414781    0.2709649    0.3092138    63      0.00125   0.04573037    0.1664498     1.923892
   0.7449452    0.9388365    0.2699752     0.308067    64      0.00125   0.07176252     1.359593       1.9266
    0.749583    0.9374851    0.2684713    0.3061266    65      0.00125    0.1085969     1.041378     1.929496
   0.7542453    0.9257943    0.2666746    0.3038402    66      0.00125    0.1756491     2.351388     1.933174
   0.7589457    0.9257302    0.2634558    0.2996629    67      0.00125    0.2231081    0.9259956     1.939287
     0.76368    0.9002601    0.2616611    0.2965401    68      0.00125    0.2443864     7.054241      1.93753
   0.7685067    0.9023861    0.2602723    0.2954227    69      0.00125    0.1393169    -8.329148     1.944665
   0.7732697    0.9142389    0.2562963    0.2896101    70      0.00125    0.2430577     18.07765     1.947934
    0.778193    0.8473844    0.2560997    0.2885327    71      0.00125    0.1317805    -13.57398     1.942775
   0.7830974    0.9343997    0.2657873    0.3047875    72      0.00125            0    -18.27078      1.94827
    0.787697    0.9810565    0.2770742    0.3228206    73      0.00125   0.01463657    -4.452475     1.946824
   0.7921999    0.9926193    0.2791116    0.3262669    74      0.00125   0.09541374     1.988451     1.947529
   0.7967076    0.9820798    0.2759497    0.3221573    75      0.00125    0.1608368     1.185846     1.953918
   0.8012413    0.9741368     0.273611    0.3184998    76      0.00125    0.2150023     4.451186     1.954889
   0.8058254     0.965233    0.2712074     0.314185    77      0.00125    0.3456557     2.634632     1.952375
    0.810459     0.941929    0.2658311    0.3062808    78      0.00125      0.59415     3.099319     1.957364
   0.8151575    0.9252631    0.2572691    0.2916439    79      0.00125    0.7948779     16.98791     1.951238
   0.8201326    0.8551753    0.2526007    0.2817642    80      0.00125     1.399207    -1.327067     1.934094
   0.8251791    0.8538105    0.2347894    0.2555125    81      0.00125     4.330034     16.42696     1.942953
   0.8306224    0.7073299    0.1971541    0.2004014    82      0.00125     8.817876     39.62596     1.946133
   0.8372822     0.439275    0.1613442    0.1480345    83      0.00125     10.44428     50.83733     1.903304
   0.8455726    0.1653962    0.1355509    0.1138345    84      0.00125     7.598896      35.3847       1.8678
   0.8550848   0.03091727    0.1271858    0.1027493    85      0.00125     3.036407     8.718843     1.843168
   0.8650085  0.003551718    0.1252826    0.1003562    86      0.00125    0.7167615     1.146883     1.838642
   0.8750007 0.0002956801    0.1250263    0.1000334    87      0.00125    0.1020573    0.1030314     1.837991
   0.8850001 1.930335e-05    0.1250019    0.1000024    88      0.00125   0.01021102   0.00711632     1.837923
       0.895 1.021417e-06    0.1250001    0.1000002    89      0.00125 0.0007767969 0.0003792623     1.837918
       0.905 1.266862e-07        0.125          0.1    90      0.00125 4.632902e-05 -1.430008e-05     1.837917
       0.915 1.275888e-07        0.125          0.1    91      0.00125 9.828026e-07 2.437542e-05     1.837917
       0.925  3.18901e-08        0.125          0.1    92      0.00125 8.862119e-07 3.323825e-06     1.837917
       0.935 -3.779094e-09        0.125          0.1    93      0.00125 3.905034e-07 4.239255e-06     1.837917
       0.945 -2.310251e-08        0.125          0.1    94      0.00125  8.17298e-08 -3.27707e-06     1.837917
       0.955 -1.191566e-08        0.125          0.1    95      0.00125 6.965025e-08 -3.330154e-06     1.837917
       0.965 -1.835089e-08        0.125          0.1    96      0.00125 2.689285e-07 -1.859074e-06     1.837917
       0.975 -2.553691e-08        0.125          0.1    97      0.00125 3.789776e-07 -6.716853e-06     1.837917
       0.985 -5.528901e-08        0.125          0.1    98      0.00125 5.615121e-07  4.63547e-06     1.837917
       0.995            0        0.125          0.1    99      0.00125            0 1.716614e-05            0
