       0.001            0            1            1     0        0.002            0            0            0
       0.003 -6.664666e-17            1            1     1        0.002 8.610351e-15 -1.79799e-15            1
       0.005 -1.160477e-16            1            1     2        0.002    6.896e-15 -3.512341e-15            1
       0.007 -1.516105e-16            1            1     3        0.002 5.337371e-15 -5.07097e-15            1
       0.009 -1.764369e-16            1            1     4        0.002 3.986073e-15 -6.422268e-15            1
       0.011 -1.932215e-16            1            1     5        0.002 2.868753e-15 -7.539588e-15            1
       0.013 -2.041984e-16            1            1     6        0.002 1.987521e-15 -8.42082e-15            1
       0.015 -2.111353e-16            1            1     7        0.002  1.32443e-15 -9.083911e-15            1
       0.017 -2.153678e-16            1            1     8        0.002 8.483003e-16 -9.560041e-15            1
       0.019 -2.178592e-16            1            1     9        0.002 5.219698e-16 -9.886371e-15            1
       0.021 -2.19273e-16            1            1    10        0.002 3.084222e-16 -1.009992e-14            1
       0.023 -2.200462e-16            1            1    11        0.002 1.749564e-16 -1.023338e-14            1
       0.025 -2.204535e-16            1            1    12        0.002 9.526195e-17 -1.031308e-14            1
       0.027 -2.206601e-16            1            1    13        0.002 4.978203e-17 -1.035856e-14            1
       0.029 -2.20761e-16            1            1    14        0.002 2.496765e-17 -1.038337e-14            1
       0.031 -2.208084e-16            1            1    15        0.002 1.201846e-17 -1.039632e-14            1
       0.033 -2.208298e-16            1            1    16        0.002 5.552927e-18 -1.040279e-14            1
       0.035 -2.208392e-16            1            1    17        0.002 2.462921e-18 -1.040588e-14            1
       0.037 -2.208431e-16            1            1    18        0.002 1.048824e-18 -1.040729e-14            1
       0.039 -2.208447e-16            1            1    19        0.002 4.289023e-19 -1.040791e-14            1
       0.041 -2.208453e-16            1            1    20        0.002  1.68464e-19 -1.040817e-14            1
       0.043 -2.208455e-16            1            1    21        0.002 6.356905e-20 -1.040828e-14            1
       0.045 -2.208456e-16            1            1    22        0.002 2.305029e-20 -1.040832e-14            1
       0.047 -2.208456e-16            1            1    23        0.002 8.033511e-21 -1.040833e-14            1
       0.049 -2.208456e-16            1            1    24        0.002 2.691793e-21 -1.040834e-14            1
       0.051 -2.208456e-16            1            1    25        0.002 8.673524e-22 -1.040834e-14            1
       0.053 -2.208456e-16            1            1    26        0.002 2.688301e-22 -1.040834e-14            1
       0.055 -2.208456e-16            1            1    27        0.002 8.016767e-23 -1.040834e-14            1
       0.057 -2.208456e-16            1            1    28        0.002 2.300747e-23 -1.040834e-14            1
       0.059 -2.208456e-16            1            1    29        0.002 6.356173e-24 -1.040834e-14            1
       0.061 -2.208456e-16            1            1    30        0.002 1.690726e-24 -1.040834e-14            1
       0.063 -2.208456e-16            1            1    31        0.002 4.331463e-25 -1.040834e-14            1
       0.065 -2.208456e-16            1            1    32        0.002  1.06903e-25 -1.040834e-14            1
       0.067 -2.208456e-16            1            1    33        0.002 2.540379e-26 -1.040834e-14            1
       0.069 -2.208456e-16            1            1    34        0.002 5.830175e-27 -1.040834e-14            1
       0.071 -2.208456e-16            1            1    35        0.002 1.281899e-27 -1.040834e-14            1
       0.073 -2.208456e-16            1            1    36        0.002 2.711709e-28 -1.040834e-14            1
       0.075 -2.208456e-16            1            1    37        0.002 4.930381e-29 -1.040834e-14            1
       0.077 -2.208456e-16            1            1    38        0.002 1.232595e-29 -1.040834e-14            1
       0.079 -2.208456e-16            1            1    39        0.002 1.232595e-29 -1.040834e-14            1
       0.081 -2.208456e-16            1            1    40        0.002            0 -1.040834e-14            1
       0.083 -2.208456e-16            1            1    41        0.002            0 -1.040834e-14            1
       0.085 -2.208456e-16            1            1    42        0.002            0 -1.040834e-14            1
       0.087 -2.208456e-16            1            1    43        0.002            0 -1.040834e-14            1
       0.089 -2.208456e-16            1            1    44        0.002            0 -1.040834e-14            1
       0.091 -2.208456e-16            1            1    45        0.002            0 -1.040834e-14            1
       0.093 -2.208456e-16            1            1    46        0.002            0 -1.040834e-14            1
       0.095 -2.208456e-16            1            1    47        0.002            0 -1.040834e-14            1
       0.097 -2.208456e-16            1            1    48        0.002            0 -1.040834e-14            1
       0.099 -2.208456e-16            1            1    49        0.002            0 -1.040834e-14            1
       0.101 -2.208456e-16            1            1    50        0.002            0 -1.040834e-14            1
       0.103 -2.208456e-16            1            1    51        0.002            0 -1.040834e-14            1
       0.105 -2.208456e-16            1            1    52        0.002            0 -1.040834e-14            1
       0.107 -2.208456e-16            1            1    53        0.002            0 -1.040834e-14            1
       0.109 -2.208456e-16            1            1    54        0.002            0 -1.040834e-14            1
       0.111 -2.208456e-16            1            1    55        0.002            0 -1.040834e-14            1
       0.113 -2.208456e-16            1            1    56        0.002            0 -1.040834e-14            1
       0.115 -2.208456e-16            1            1    57        0.002            0 -1.040834e-14            1
       0.117 -2.208456e-16            1            1    58        0.002            0 -1.040834e-14            1
       0.119 -2.208456e-16            1            1    59        0.002            0 -1.040834e-14            1
       0.121 -2.208456e-16            1            1    60        0.002            0 -1.040834e-14            1
       0.123 -2.208456e-16            1            1    61        0.002            0 -1.040834e-14            1
       0.125 -2.208456e-16            1            1    62        0.002            0 -1.040834e-14            1
       0.127 -2.208456e-16            1            1    63        0.002            0 -1.040834e-14            1
       0.129 -2.208456e-16            1            1    64        0.002            0 -1.040834e-14            1
       0.131 -2.208456e-16            1            1    65        0.002            0 -1.040834e-14            1
       0.133 -2.208456e-16            1            1    66        0.002            0 -1.040834e-14            1
       0.135 -2.208456e-16            1            1    67        0.002            0 -1.040834e-14            1
       0.137 -2.208456e-16            1            1    68        0.002            0 -1.040834e-14            1
       0.139 -2.208456e-16            1            1    69        0.002            0 -1.040834e-14            1
       0.141 -2.208456e-16            1            1    70        0.002            0 -1.040834e-14            1
       0.143 -1.507563e-16            1            1    71        0.002 -5.617729e-14 -9.742207e-15            1
       0.145 -2.631108e-16            1            1    72        0.002 5.617729e-14 -9.742207e-15            1
       0.147 -2.208456e-16            1            1    73        0.002            0 -1.040834e-14            1
       0.149 -2.208456e-16            1            1    74        0.002            0 -1.040834e-14            1
       0.151 -2.208456e-16            1            1    75        0.002            0 -1.040834e-14            1
       0.153 -2.208456e-16            1            1    76        0.002            0 -1.040834e-14            1
       0.155 -2.208456e-16            1            1    77        0.002            0 -1.040834e-14            1
       0.157 -2.208456e-16            1            1    78        0.002            0 -1.040834e-14            1
       0.159 -2.208456e-16            1            1    79        0.002            0 -1.040834e-14            1
       0.161 -2.208456e-16            1            1    80        0.002            0 -1.040834e-14            1
       0.163 -2.208456e-16            1            1    81        0.002            0 -1.040834e-14            1
       0.165 -2.208456e-16            1            1    82        0.002            0 -1.040834e-14            1
       0.167 -2.208456e-16            1            1    83        0.002            0 -1.040834e-14            1
       0.169 -2.208456e-16            1            1    84        0.002            0 -1.040834e-14            1
       0.171 -2.208456e-16            1            1    85        0.002            0 -1.040834e-14            1
       0.173 -2.208456e-16            1            1    86        0.002            0 -1.040834e-14            1
       0.175 -1.507563e-16            1            1    87        0.002 -5.617729e-14 -9.742207e-15            1
       0.177 -2.631108e-16            1            1    88        0.002 5.617729e-14 -9.742207e-15            1
       0.179 -2.208456e-16            1            1    89        0.002            0 -1.040834e-14            1
       0.181 -2.208456e-16            1            1    90        0.002            0 -1.040834e-14            1
       0.183 -2.208456e-16            1            1    91        0.002            0 -1.040834e-14            1
       0.185 -2.208456e-16            1            1    92        0.002            0 -1.040834e-14            1
       0.187 -2.208456e-16            1            1    93        0.002            0 -1.040834e-14            1
       0.189 -2.208456e-16            1            1    94        0.002            0 -1.040834e-14            1
       0.191 -2.208456e-16            1            1    95        0.002            0 -1.040834e-14            1
       0.193 -2.208456e-16            1            1    96        0.002            0 -1.040834e-14            1
       0.195 -2.208456e-16            1            1    97        0.002            0 -1.040834e-14            1
       0.197 -2.208456e-16            1            1    98        0.002            0 -1.040834e-14            1
       0.199 -2.208456e-16            1            1    99        0.002            0 -1.040834e-14            1
       0.201 -2.208456e-16            1            1   100        0.002            0 -1.040834e-14            1
       0.203 -2.208456e-16            1            1   101        0.002            0 -1.040834e-14            1
       0.205 -2.208456e-16            1            1   102        0.002            0 -1.040834e-14            1
       0.207 -1.507563e-16            1            1   103        0.002 -5.617729e-14 -9.742207e-15            1
       0.209 -2.631108e-16            1            1   104        0.002 5.617729e-14 -9.742207e-15            1
       0.211 -2.208456e-16            1            1   105        0.002            0 -1.040834e-14            1
       0.213 -2.208456e-16            1            1   106        0.002            0 -1.040834e-14            1
       0.215 -2.208456e-16            1            1   107        0.002            0 -1.040834e-14            1
       0.217 -2.208456e-16            1            1   108        0.002            0 -1.040834e-14            1
       0.219 -2.208456e-16            1            1   109        0.002            0 -1.040834e-14            1
       0.221 -2.208456e-16            1            1   110        0.002            0 -1.040834e-14            1
       0.223 -2.208456e-16            1            1   111        0.002            0 -1.040834e-14            1
       0.225 -2.208456e-16            1            1   112        0.002            0 -1.040834e-14            1
       0.227 -2.208456e-16            1            1   113        0.002            0 -1.040834e-14            1
       0.229 -2.208456e-16            1            1   114        0.002            0 -1.040834e-14            1
       0.231 -2.208456e-16            1            1   115        0.002            0 -1.040834e-14            1
       0.233 -2.208456e-16            1            1   116        0.002            0 -1.040834e-14            1
       0.235 -2.208456e-16            1            1   117        0.002            0 -1.040834e-14            1
       0.237 -2.208456e-16            1            1   118        0.002            0 -1.040834e-14            1
       0.239 -1.507563e-16            1            1   119        0.002 -5.617729e-14 -9.742207e-15            1
       0.241 -2.631108e-16            1            1   120        0.002 5.617729e-14 -9.742207e-15            1
       0.243 -2.208456e-16            1            1   121        0.002            0 -1.040834e-14            1
       0.245 -2.208456e-16            1            1   122        0.002            0 -1.040834e-14            1
       0.247 -2.208456e-16            1            1   123        0.002            0 -1.040834e-14            1
       0.249 -2.208456e-16            1            1   124        0.002            0 -1.040834e-14            1
       0.251 -2.208456e-16            1            1   125        0.002            0 -1.040834e-14            1
       0.253 -2.208456e-16            1            1   126        0.002            0 -1.040834e-14            1
       0.255 -2.208456e-16            1            1   127        0.002            0 -1.040834e-14            1
       0.257 -2.208456e-16            1            1   128        0.002            0 -1.040834e-14            1
       0.259 -2.208456e-16            1            1   129        0.002            0 -1.040834e-14            1
       0.261 -2.208456e-16            1            1   130        0.002            0 -1.040834e-14            1
       0.263 -2.208456e-16            1            1   131        0.002            0 -1.040834e-14            1
       0.265 -2.208456e-16            1            1   132        0.002            0 -1.040834e-14            1
       0.267 -2.208456e-16            1            1   133        0.002            0 -1.040834e-14            1
       0.269 -2.208456e-16            1            1   134        0.002            0 -1.040834e-14            1
       0.271 -2.208456e-16            1            1   135        0.002            0 -1.040834e-14            1
       0.273 -2.208456e-16            1            1   136        0.002            0 -1.040834e-14            1
       0.275 -2.208456e-16            1            1   137        0.002            0 -1.040834e-14            1
       0.277 -2.208456e-16            1            1   138        0.002            0 -1.040834e-14            1
       0.279 -2.208456e-16            1            1   139        0.002            0 -1.040834e-14            1
       0.281 -2.208456e-16            1            1   140        0.002            0 -1.040834e-14            1
       0.283 -2.208456e-16            1            1   141        0.002            0 -1.040834e-14            1
       0.285 -2.208456e-16            1            1   142        0.002            0 -1.040834e-14            1
       0.287 -1.507563e-16            1            1   143        0.002 -5.617729e-14 -9.742207e-15            1
       0.289 -2.631108e-16            1            1   144        0.002 5.617729e-14 -9.742207e-15            1
       0.291 -2.208456e-16            1            1   145        0.002            0 -1.040834e-14            1
       0.293 -2.208456e-16            1            1   146        0.002            0 -1.040834e-14            1
       0.295 -2.208456e-16            1            1   147        0.002            0 -1.040834e-14            1
       0.297 -2.208456e-16            1            1   148        0.002            0 -1.040834e-14            1
       0.299 -2.208456e-16            1            1   149        0.002            0 -1.040834e-14            1
       0.301 -2.208456e-16            1            1   150        0.002            0 -1.040834e-14            1
       0.303 -2.208456e-16            1            1   151        0.002            0 -1.040834e-14            1
       0.305 -2.208456e-16            1            1   152        0.002            0 -1.040834e-14            1
       0.307 -2.208456e-16            1            1   153        0.002            0 -1.040834e-14            1
       0.309 -2.208456e-16            1            1   154        0.002            0 -1.040834e-14            1
       0.311 -2.208456e-16            1            1   155        0.002            0 -1.040834e-14            1
       0.313 -2.208456e-16            1            1   156        0.002            0 -1.040834e-14            1
       0.315 -2.208456e-16            1            1   157        0.002            0 -1.040834e-14            1
       0.317 -2.208456e-16            1            1   158        0.002            0 -1.040834e-14            1
       0.319 -2.208456e-16            1            1   159        0.002            0 -1.040834e-14            1
       0.321 -2.208456e-16            1            1   160        0.002            0 -1.040834e-14            1
       0.323 -2.208456e-16            1            1   161        0.002            0 -1.040834e-14            1
       0.325 -2.208456e-16            1            1   162        0.002            0 -1.040834e-14            1
       0.327 -2.208456e-16            1            1   163        0.002            0 -1.040834e-14            1
       0.329 -2.208456e-16            1            1   164        0.002            0 -1.040834e-14            1
       0.331 -2.208456e-16            1            1   165        0.002            0 -1.040834e-14            1
       0.333 -2.208456e-16            1            1   166        0.002            0 -1.040834e-14            1
       0.335 -2.208456e-16            1            1   167        0.002            0 -1.040834e-14            1
       0.337 -2.208456e-16            1            1   168        0.002            0 -1.040834e-14            1
       0.339 -2.208456e-16            1            1   169        0.002            0 -1.040834e-14            1
       0.341 -2.208456e-16            1            1   170        0.002            0 -1.040834e-14            1
       0.343 -2.208456e-16            1            1   171        0.002            0 -1.040834e-14            1
       0.345 -2.208456e-16            1            1   172        0.002            0 -1.040834e-14            1
       0.347 -2.208456e-16            1            1   173        0.002            0 -1.040834e-14            1
       0.349 -2.208456e-16            1            1   174        0.002            0 -1.040834e-14            1
       0.351 -1.507563e-16            1            1   175        0.002 -5.617729e-14 -9.742207e-15            1
       0.353 -2.631108e-16            1            1   176        0.002 5.617729e-14 -9.742207e-15            1
       0.355 -2.208456e-16            1            1   177        0.002            0 -1.040834e-14            1
       0.357 -2.208456e-16            1            1   178        0.002            0 -1.040834e-14            1
       0.359 -2.208456e-16            1            1   179        0.002            0 -1.040834e-14            1
       0.361 -2.208456e-16            1            1   180        0.002            0 -1.040834e-14            1
       0.363 -2.208456e-16            1            1   181        0.002            0 -1.040834e-14            1
       0.365 -2.208456e-16            1            1   182        0.002            0 -1.040834e-14            1
       0.367 -2.208456e-16            1            1   183        0.002            0 -1.040834e-14            1
       0.369 -2.208456e-16            1            1   184        0.002            0 -1.040834e-14            1
       0.371 -2.208456e-16            1            1   185        0.002            0 -1.040834e-14            1
       0.373 -2.208456e-16            1            1   186        0.002            0 -1.040834e-14            1
       0.375 -2.208456e-16            1            1   187        0.002            0 -1.040834e-14            1
       0.377 -2.208456e-16            1            1   188        0.002            0 -1.040834e-14            1
       0.379 -2.208456e-16            1            1   189        0.002            0 -1.040834e-14            1
       0.381 -2.208456e-16            1            1   190        0.002            0 -1.040834e-14            1
       0.383 -2.208456e-16            1            1   191        0.002            0 -1.040834e-14            1
       0.385 -2.208456e-16            1            1   192        0.002            0 -1.040834e-14            1
       0.387 -2.208456e-16            1            1   193        0.002            0 -1.040834e-14            1
       0.389 -2.208456e-16            1            1   194        0.002            0 -1.040834e-14            1
       0.391 -2.208456e-16            1            1   195        0.002            0 -1.040834e-14            1
       0.393 -2.208456e-16            1            1   196        0.002            0 -1.040834e-14            1
       0.395 -2.208456e-16            1            1   197        0.002            0 -1.040834e-14            1
       0.397 -2.208456e-16            1            1   198        0.002            0 -1.040834e-14            1
       0.399 -2.208456e-16            1            1   199        0.002            0 -1.040834e-14            1
       0.401 -2.208456e-16            1            1   200        0.002            0 -1.040834e-14            1
       0.403 -2.208456e-16            1            1   201        0.002            0 -1.040834e-14            1
       0.405 -2.208456e-16            1            1   202        0.002            0 -1.040834e-14            1
       0.407 -2.208456e-16            1            1   203        0.002            0 -1.040834e-14            1
       0.409 -2.208456e-16            1            1   204        0.002            0 -1.040834e-14            1
       0.411 -2.208456e-16            1            1   205        0.002            0 -1.040834e-14            1
       0.413 -2.208456e-16            1            1   206        0.002            0 -1.040834e-14            1
       0.415 -1.507563e-16            1            1   207        0.002 -5.617729e-14 -9.742207e-15            1
       0.417 -2.631108e-16            1            1   208        0.002 5.617729e-14 -9.742207e-15            1
       0.419 -2.208456e-16            1            1   209        0.002            0 -1.040834e-14            1
       0.421 -2.208456e-16            1            1   210        0.002            0 -1.040834e-14            1
       0.423 -2.208456e-16            1            1   211        0.002            0 -1.040834e-14            1
       0.425 -2.208456e-16            1            1   212        0.002            0 -1.040834e-14            1
       0.427 -1.202457e-16            1            1   213        0.002            0 1.601219e-13            1
       0.429 4.387377e-16            1            1   214        0.002            0 1.073613e-12            1
       0.431  2.28491e-14            1            1   215        0.002            0  3.58871e-11            1
       0.433 1.090527e-13            1            1   216        0.002            0 1.465124e-10            1
       0.435 9.707675e-13            1            1   217        0.002            0 1.187875e-09            1
       0.437 3.808176e-12            1            1   218        0.002            0 4.591463e-09            1
       0.439 3.019795e-11            1            1   219        0.002            0 3.474988e-08            1
       0.441 1.131116e-10            1            1   220        0.002            0  1.27636e-07            1
       0.443 7.988678e-10            1            1   221        0.002            0 8.596423e-07            1
       0.445 2.848106e-09            1            1   222        0.002            0 2.997339e-06            1
       0.447 1.788786e-08            1            1   223        0.002            0 1.786394e-05            1
       0.449 6.032454e-08    0.9999999    0.9999999   224        0.002            0 5.866913e-05            1
       0.451 3.343315e-07    0.9999998    0.9999997   225        0.002            0 0.0003066717            1
       0.453  1.05767e-06    0.9999988    0.9999982   226        0.002            0 0.0009394929    0.9999999
       0.455 5.124006e-06    0.9999963    0.9999947   227        0.002            0  0.004258047    0.9999998
       0.457   1.5046e-05    0.9999835    0.9999761   228        0.002            0   0.01201405    0.9999991
   0.4590001 6.294025e-05    0.9999538    0.9999331   229        0.002            0   0.04648373    0.9999977
   0.4610002 0.0001691827    0.9998224    0.9997435   230        0.002            0    0.1186993    0.9999921
   0.4630008 0.0006010603    0.9995476     0.999348   231        0.002            0    0.3833753    0.9999812
    0.465002  0.001451694    0.9985383    0.9979008   232        0.002            0    0.8640906    0.9999464
   0.4670066  0.004283613    0.9966952    0.9952672   233        0.002            0     2.254764    0.9998904
   0.4690153   0.00907757    0.9912565    0.9875378   234        0.002            0     4.332991    0.9997542
   0.4710419   0.02169833    0.9829076    0.9757499   235        0.002            0     8.773281    0.9995872
   0.4730848   0.03944818    0.9638795    0.9491336   236        0.002            0     13.86743    0.9992991
   0.4751918   0.07553402    0.9401227    0.9163166   237        0.002            0     21.29561    0.9990499
   0.4773396    0.1174125    0.8988345    0.8601963   238        0.002            0     27.44877     0.998725
    0.479642    0.1848432    0.8564166    0.8036949   239        0.002            0     33.19151    0.9984633
   0.4820102     0.252487    0.7968922    0.7263185   240        0.002            0     36.38458    0.9980853
   0.4846615    0.3469118    0.7432128    0.6584874   241        0.002            0     38.18084    0.9976748
   0.4873923    0.4337202    0.6749317    0.5750012   242        0.002            0     37.73691    0.9970226
    0.490588    0.5523651    0.6195453    0.5097377   243        0.002            0      37.4354    0.9964246
   0.4938486    0.6472065    0.5469831     0.427717   244        0.002            0     32.95226    0.9953894
   0.4979009    0.7926569    0.5037805    0.3809314   245        0.002            0      30.3799    0.9947382
   0.5017886    0.8493093    0.4348799    0.3096255   246        0.002            0     17.63603    0.9933897
   0.5070988    0.9682145    0.4324452    0.3136804   247        0.002    -7.994168     4.168956      1.01434
   0.5110383    0.9369794    0.3921337    0.2638292   248        0.002     5.772638     5.286536    0.9783968
   0.5172994    0.9194376    0.3856407    0.3159081   249        0.002      2.22153     -6.89131     1.199236
   0.5214106    0.9894816    0.1155962    0.2987417   250      0.00025            0     108.4332      6.12597
   0.5216248    0.9576123    0.9797024    0.2743059   251      0.00025    -50.27432    -54.78337     0.282295
    0.521921    0.9420265    0.3699124    0.3030084   252      0.00025     41.69238    -56.35166     1.219316
   0.5229765    0.9464589    0.2615227    0.3110023   253      0.00025     8.392077    -10.97539      2.03353
   0.5238329    0.9500514    0.2695305    0.3119761   254      0.00025    -2.084902     1.649366     1.955556
   0.5248316    0.9482886    0.2635336     0.309916   255      0.00025    -2.247942     3.365105     2.004812
   0.5257302    0.9447782    0.2668191     0.309982   256      0.00025    -3.011485     5.243788     1.970756
   0.5267055    0.9383914    0.2636571     0.306419   257      0.00025    -1.234693     8.528337      1.98089
   0.5276266    0.9302468    0.2641472    0.3050857   258      0.00025      3.91528     8.371396      1.96715
   0.5285984    0.9252944    0.2629256    0.3037463   259      0.00025   -0.7309359     7.602954     1.971265
   0.5295283    0.9224115    0.2636305    0.3023861   260      0.00025    -21.07012     15.39165     1.955095
    0.530495    0.9036905    0.2577737    0.2908726   261      0.00025    -37.93393     39.67911     1.940746
   0.5314679    0.8492712    0.2458246    0.2688722   262      0.00025    -6.163227     71.81975     1.917213
    0.532529    0.7755791     0.232031    0.2486313   263      0.00025     70.75182     81.76661     1.922168
   0.5336228    0.7545919    0.2338097    0.2530098   264      0.00025            0    -55.49559     1.935217
   0.5346675    0.8221223    0.2450154    0.2703283   265      0.00025    -10.96076     -21.7269     1.936515
   0.5356635    0.8256385    0.2454018    0.2684044   266      0.00025    -97.04375     26.84127     1.918496
   0.5367049    0.7416383    0.2207248    0.2252373   267      0.00025     -68.0066     133.3654     1.867449
   0.5379288    0.5352634    0.1832011    0.1715318   268      0.00025     34.33529     201.8663     1.846057
   0.5394342    0.3004227    0.1536879    0.1341811   269      0.00025     64.23252     161.7936     1.846698
   0.5411821    0.1399486    0.1374621    0.1146305   270      0.00025     42.40374     88.97397     1.844353
   0.5430715   0.05853125    0.1300446    0.1058793   271      0.00025     20.57688     40.42538     1.841117
    0.545027   0.02306661    0.1269575    0.1022748   272      0.00025      8.78014     16.73465     1.839276
   0.5470099  0.008760653    0.1257371    0.1008561   273      0.00025     3.520897     6.593255     1.838457
   0.5490035  0.003234969    0.1252706    0.1003144   274      0.00025     1.360861     2.515257     1.838123
   0.5510012  0.001164653    0.1250969    0.1001128   275      0.00025    0.5114758     0.934618     1.837994
   0.5530004 0.0004089728    0.1250339    0.1000395   276      0.00025    0.1873939    0.3387527     1.837945
   0.5550001  0.000140015    0.1250116    0.1000135   277      0.00025   0.06693452    0.1197406     1.837927
       0.557 4.670294e-05    0.1250038    0.1000045   278      0.00025   0.02329255   0.04124727     1.837921
       0.559 1.516725e-05    0.1250012    0.1000015   279      0.00025  0.007890165   0.01383521     1.837919
       0.561 4.792898e-06    0.1250004    0.1000005   280      0.00025  0.002599588  0.004515235     1.837918
       0.563 1.472977e-06    0.1250001    0.1000001   281      0.00025 0.0008324707  0.001432825     1.837917
       0.565 4.400687e-07        0.125          0.1   282      0.00025 0.0002589594 0.0004418652     1.837917
       0.567 1.277705e-07        0.125          0.1   283      0.00025 7.821655e-05 0.0001323686     1.837917
       0.569 3.604287e-08        0.125          0.1   284      0.00025 2.293105e-05 3.850668e-05     1.837917
       0.571 9.876683e-09        0.125          0.1   285      0.00025 6.523808e-06 1.087526e-05     1.837917
       0.573 2.628781e-09        0.125          0.1   286      0.00025  1.80078e-06  2.98143e-06     1.837917
       0.575 6.795247e-10        0.125          0.1   287      0.00025 4.822656e-07 7.933198e-07     1.837917
       0.577 1.705976e-10        0.125          0.1   288      0.00025 1.252873e-07 2.048747e-07     1.837917
       0.579 4.160708e-11        0.125          0.1   289      0.00025 3.156675e-08 5.135356e-08     1.837917
       0.581 9.854696e-12        0.125          0.1   290      0.00025 7.722921e-09 1.249445e-08     1.837917
       0.583  2.26611e-12        0.125          0.1   291      0.00025  1.83258e-09 2.945697e-09     1.837917
       0.585 5.076582e-13        0.125          0.1   292      0.00025 4.192546e-10 6.757397e-10     1.837917
       0.587 1.077106e-13        0.125          0.1   293      0.00025  9.62068e-11 1.540402e-10     1.837917
       0.589 1.899117e-14        0.125          0.1   294      0.00025 2.220547e-11  3.18028e-11     1.837917
       0.591 2.813581e-15        0.125          0.1   295      0.00025 3.410639e-12 4.143497e-12     1.837917
       0.593 6.350694e-16        0.125          0.1   296      0.00025 4.915409e-13  6.16441e-13     1.837917
       0.595  3.29229e-16        0.125          0.1   297      0.00025 6.636594e-14 8.024373e-14     1.837917
       0.597  2.97701e-16        0.125          0.1   298      0.00025 6.171751e-15 2.004954e-14     1.837917
       0.599 2.947584e-16        0.125          0.1   299      0.00025 5.836535e-16 1.446144e-14     1.837917
       0.601 2.944869e-16        0.125          0.1   300      0.00025 5.174449e-17 1.392953e-14     1.837917
       0.603 2.944631e-16        0.125          0.1   301      0.00025  4.47215e-18 1.388226e-14     1.837917
       0.605  2.94461e-16        0.125          0.1   302      0.00025 3.782135e-19 1.387817e-14     1.837917
       0.607 2.944608e-16        0.125          0.1   303      0.00025  3.19523e-20 1.387782e-14     1.837917
       0.609 2.944608e-16        0.125          0.1   304      0.00025  2.68627e-21 1.387779e-14     1.837917
       0.611 2.944608e-16        0.125          0.1   305      0.00025 2.228415e-22 1.387779e-14     1.837917
       0.613 2.944608e-16        0.125          0.1   306      0.00025 1.809965e-23 1.387779e-14     1.837917
       0.615 2.944608e-16        0.125          0.1   307      0.00025 1.437428e-24 1.387779e-14     1.837917
       0.617 2.944608e-16        0.125          0.1   308      0.00025 1.115252e-25 1.387779e-14     1.837917
       0.619 2.944608e-16        0.125          0.1   309      0.00025 8.406299e-27 1.387779e-14     1.837917
       0.621 2.944608e-16        0.125          0.1   310      0.00025 6.409495e-28 1.387779e-14     1.837917
       0.623 2.944608e-16        0.125          0.1   311      0.00025 4.930381e-29 1.387779e-14     1.837917
       0.625 2.944608e-16        0.125          0.1   312      0.00025            0 1.387779e-14     1.837917
       0.627 2.944608e-16        0.125          0.1   313      0.00025            0 1.387779e-14     1.837917
       0.629 2.944608e-16        0.125          0.1   314      0.00025            0 1.387779e-14     1.837917
       0.631 2.944608e-16        0.125          0.1   315      0.00025            0 1.387779e-14     1.837917
       0.633 2.944608e-16        0.125          0.1   316      0.00025            0 1.387779e-14     1.837917
       0.635 2.944608e-16        0.125          0.1   317      0.00025            0 1.387779e-14     1.837917
       0.637 2.944608e-16        0.125          0.1   318      0.00025            0 1.387779e-14     1.837917
       0.639 2.944608e-16        0.125          0.1   319      0.00025            0 1.387779e-14     1.837917
       0.641 2.944608e-16        0.125          0.1   320      0.00025            0 1.387779e-14     1.837917
       0.643 2.944608e-16        0.125          0.1   321      0.00025            0 1.387779e-14     1.837917
       0.645 2.944608e-16        0.125          0.1   322      0.00025            0 1.387779e-14     1.837917
       0.647 2.944608e-16        0.125          0.1   323      0.00025            0 1.387779e-14     1.837917
       0.649 2.944608e-16        0.125          0.1   324      0.00025            0 1.387779e-14     1.837917
       0.651 2.944608e-16        0.125          0.1   325      0.00025            0 1.387779e-14     1.837917
       0.653 2.944608e-16        0.125          0.1   326      0.00025            0 1.387779e-14     1.837917
       0.655 2.944608e-16        0.125          0.1   327      0.00025            0 1.387779e-14     1.837917
       0.657 2.944608e-16        0.125          0.1   328      0.00025            0 1.387779e-14     1.837917
       0.659 2.944608e-16        0.125          0.1   329      0.00025            0 1.387779e-14     1.837917
       0.661 2.944608e-16        0.125          0.1   330      0.00025            0 1.387779e-14     1.837917
       0.663 2.944608e-16        0.125          0.1   331      0.00025            0 1.387779e-14     1.837917
       0.665 2.944608e-16        0.125          0.1   332      0.00025            0 1.387779e-14     1.837917
       0.667 2.944608e-16        0.125          0.1   333      0.00025            0 1.387779e-14     1.837917
       0.669 2.944608e-16        0.125          0.1   334      0.00025            0 1.387779e-14     1.837917
       0.671 2.944608e-16        0.125          0.1   335      0.00025            0 1.387779e-14     1.837917
       0.673 2.944608e-16        0.125          0.1   336      0.00025            0 1.387779e-14     1.837917
       0.675 2.944608e-16        0.125          0.1   337      0.00025            0 1.387779e-14     1.837917
       0.677 2.944608e-16        0.125          0.1   338      0.00025            0 1.387779e-14     1.837917
       0.679 2.944608e-16        0.125          0.1   339      0.00025            0 1.387779e-14     1.837917
       0.681 2.944608e-16        0.125          0.1   340      0.00025            0 1.387779e-14     1.837917
       0.683 2.944608e-16        0.125          0.1   341      0.00025            0 1.387779e-14     1.837917
       0.685 2.944608e-16        0.125          0.1   342      0.00025            0 1.387779e-14     1.837917
       0.687 2.944608e-16        0.125          0.1   343      0.00025            0 1.387779e-14     1.837917
       0.689 2.944608e-16        0.125          0.1   344      0.00025            0 1.387779e-14     1.837917
       0.691 2.944608e-16        0.125          0.1   345      0.00025            0 1.387779e-14     1.837917
       0.693 2.944608e-16        0.125          0.1   346      0.00025            0 1.387779e-14     1.837917
       0.695 2.944608e-16        0.125          0.1   347      0.00025            0 1.387779e-14     1.837917
       0.697 2.944608e-16        0.125          0.1   348      0.00025            0 1.387779e-14     1.837917
       0.699 2.944608e-16        0.125          0.1   349      0.00025            0 1.387779e-14     1.837917
       0.701 2.944608e-16        0.125          0.1   350      0.00025            0 1.387779e-14     1.837917
       0.703 2.944608e-16        0.125          0.1   351      0.00025            0 1.387779e-14     1.837917
       0.705 2.944608e-16        0.125          0.1   352      0.00025            0 1.387779e-14     1.837917
       0.707 2.944608e-16        0.125          0.1   353      0.00025            0 1.387779e-14     1.837917
       0.709 2.944608e-16        0.125          0.1   354      0.00025            0 1.387779e-14     1.837917
       0.711 2.944608e-16        0.125          0.1   355      0.00025            0 1.387779e-14     1.837917
       0.713 2.944608e-16        0.125          0.1   356      0.00025            0 1.387779e-14     1.837917
       0.715 2.944608e-16        0.125          0.1   357      0.00025            0 1.387779e-14     1.837917
       0.717 2.944608e-16        0.125          0.1   358      0.00025            0 1.387779e-14     1.837917
       0.719 2.944608e-16        0.125          0.1   359      0.00025            0 1.387779e-14     1.837917
       0.721 2.944608e-16        0.125          0.1   360      0.00025            0 1.387779e-14     1.837917
       0.723 2.944608e-16        0.125          0.1   361      0.00025            0 1.387779e-14     1.837917
       0.725 2.944608e-16        0.125          0.1   362      0.00025            0 1.387779e-14     1.837917
       0.727 2.944608e-16        0.125          0.1   363      0.00025            0 1.387779e-14     1.837917
       0.729 2.944608e-16        0.125          0.1   364      0.00025            0 1.387779e-14     1.837917
       0.731 2.944608e-16        0.125          0.1   365      0.00025            0 1.387779e-14     1.837917
       0.733 2.944608e-16        0.125          0.1   366      0.00025            0 1.387779e-14     1.837917
       0.735 2.944608e-16        0.125          0.1   367      0.00025            0 1.387779e-14     1.837917
       0.737 2.944608e-16        0.125          0.1   368      0.00025            0 1.387779e-14     1.837917
       0.739 2.944608e-16        0.125          0.1   369      0.00025            0 1.387779e-14     1.837917
       0.741 2.944608e-16        0.125          0.1   370      0.00025            0 1.387779e-14     1.837917
       0.743 2.944608e-16        0.125          0.1   371      0.00025            0 1.387779e-14     1.837917
       0.745 2.944608e-16        0.125          0.1   372      0.00025            0 1.387779e-14     1.837917
       0.747 2.944608e-16        0.125          0.1   373      0.00025            0 1.387779e-14     1.837917
       0.749 2.944608e-16        0.125          0.1   374      0.00025            0 1.387779e-14     1.837917
       0.751 2.944608e-16        0.125          0.1   375      0.00025            0 1.387779e-14     1.837917
       0.753 2.944608e-16        0.125          0.1   376      0.00025            0 1.387779e-14     1.837917
       0.755 2.944608e-16        0.125          0.1   377      0.00025            0 1.387779e-14     1.837917
       0.757 2.944608e-16        0.125          0.1   378      0.00025            0 1.387779e-14     1.837917
       0.759 2.944608e-16        0.125          0.1   379      0.00025            0 1.387779e-14     1.837917
       0.761 2.944608e-16        0.125          0.1   380      0.00025            0 1.387779e-14     1.837917
       0.763 2.944608e-16        0.125          0.1   381      0.00025            0 1.387779e-14     1.837917
       0.765 2.944608e-16        0.125          0.1   382      0.00025            0 1.387779e-14     1.837917
       0.767 2.944608e-16        0.125          0.1   383      0.00025            0 1.387779e-14     1.837917
       0.769 2.944608e-16        0.125          0.1   384      0.00025            0 1.387779e-14     1.837917
       0.771 2.944608e-16        0.125          0.1   385      0.00025            0 1.387779e-14     1.837917
       0.773 2.944608e-16        0.125          0.1   386      0.00025            0 1.387779e-14     1.837917
       0.775 2.944608e-16        0.125          0.1   387      0.00025            0 1.387779e-14     1.837917
       0.777 2.944608e-16        0.125          0.1   388      0.00025            0 1.387779e-14     1.837917
       0.779 2.944608e-16        0.125          0.1   389      0.00025            0 1.387779e-14     1.837917
       0.781 2.944608e-16        0.125          0.1   390      0.00025            0 1.387779e-14     1.837917
       0.783 2.944608e-16        0.125          0.1   391      0.00025            0 1.387779e-14     1.837917
       0.785 2.944608e-16        0.125          0.1   392      0.00025            0 1.387779e-14     1.837917
       0.787 2.944608e-16        0.125          0.1   393      0.00025            0 1.387779e-14     1.837917
       0.789 2.944608e-16        0.125          0.1   394      0.00025            0 1.387779e-14     1.837917
       0.791 2.944608e-16        0.125          0.1   395      0.00025            0 1.387779e-14     1.837917
       0.793 2.944608e-16        0.125          0.1   396      0.00025            0 1.387779e-14     1.837917
       0.795 2.944608e-16        0.125          0.1   397      0.00025            0 1.387779e-14     1.837917
       0.797 2.944608e-16        0.125          0.1   398      0.00025            0 1.387779e-14     1.837917
       0.799 2.944608e-16        0.125          0.1   399      0.00025            0 1.387779e-14     1.837917
       0.801 2.944608e-16        0.125          0.1   400      0.00025            0 1.387779e-14     1.837917
       0.803 2.944608e-16        0.125          0.1   401      0.00025            0 1.387779e-14     1.837917
       0.805 2.944608e-16        0.125          0.1   402      0.00025            0 1.387779e-14     1.837917
       0.807 2.944608e-16        0.125          0.1   403      0.00025            0 1.387779e-14     1.837917
       0.809 2.944608e-16        0.125          0.1   404      0.00025            0 1.387779e-14     1.837917
       0.811 2.944608e-16        0.125          0.1   405      0.00025            0 1.387779e-14     1.837917
       0.813 2.944608e-16        0.125          0.1   406      0.00025            0 1.387779e-14     1.837917
       0.815 2.944608e-16        0.125          0.1   407      0.00025            0 1.387779e-14     1.837917
       0.817 2.944608e-16        0.125          0.1   408      0.00025            0 1.387779e-14     1.837917
       0.819 2.944608e-16        0.125          0.1   409      0.00025            0 1.387779e-14     1.837917
       0.821 2.944608e-16        0.125          0.1   410      0.00025            0 1.387779e-14     1.837917
       0.823 2.944608e-16        0.125          0.1   411      0.00025            0 1.387779e-14     1.837917
       0.825 2.944608e-16        0.125          0.1   412      0.00025            0 1.387779e-14     1.837917
       0.827 2.944608e-16        0.125          0.1   413      0.00025            0 1.387779e-14     1.837917
       0.829 2.944608e-16        0.125          0.1   414      0.00025            0 1.387779e-14     1.837917
       0.831 2.944608e-16        0.125          0.1   415      0.00025            0 1.387779e-14     1.837917
       0.833 2.944608e-16        0.125          0.1   416      0.00025            0 1.387779e-14     1.837917
       0.835 2.944608e-16        0.125          0.1   417      0.00025            0 1.387779e-14     1.837917
       0.837 2.944608e-16        0.125          0.1   418      0.00025            0 1.387779e-14     1.837917
       0.839 2.944608e-16        0.125          0.1   419      0.00025            0 1.387779e-14     1.837917
       0.841 2.944608e-16        0.125          0.1   420      0.00025            0 1.387779e-14     1.837917
       0.843 2.944608e-16        0.125          0.1   421      0.00025            0 1.387779e-14     1.837917
       0.845 2.944608e-16        0.125          0.1   422      0.00025            0 1.387779e-14     1.837917
       0.847 2.944608e-16        0.125          0.1   423      0.00025            0 1.387779e-14     1.837917
       0.849 2.944608e-16        0.125          0.1   424      0.00025            0 1.387779e-14     1.837917
       0.851 2.944608e-16        0.125          0.1   425      0.00025            0 1.387779e-14     1.837917
       0.853 2.944608e-16        0.125          0.1   426      0.00025            0 1.387779e-14     1.837917
       0.855 2.944608e-16        0.125          0.1   427      0.00025            0 1.387779e-14     1.837917
       0.857 2.944608e-16        0.125          0.1   428      0.00025            0 1.387779e-14     1.837917
       0.859 2.944608e-16        0.125          0.1   429      0.00025            0 1.387779e-14     1.837917
       0.861 2.944608e-16        0.125          0.1   430      0.00025            0 1.387779e-14     1.837917
       0.863 2.944608e-16        0.125          0.1   431      0.00025            0 1.387779e-14     1.837917
       0.865 2.944608e-16        0.125          0.1   432      0.00025            0 1.387779e-14     1.837917
       0.867 2.944608e-16        0.125          0.1   433      0.00025            0 1.387779e-14     1.837917
       0.869 2.944608e-16        0.125          0.1   434      0.00025            0 1.387779e-14     1.837917
       0.871 2.944608e-16        0.125          0.1   435      0.00025            0 1.387779e-14     1.837917
       0.873 2.944608e-16        0.125          0.1   436      0.00025            0 1.387779e-14     1.837917
       0.875 2.944608e-16        0.125          0.1   437      0.00025            0 1.387779e-14     1.837917
       0.877 2.944608e-16        0.125          0.1   438      0.00025            0 1.387779e-14     1.837917
       0.879 2.944608e-16        0.125          0.1   439      0.00025            0 1.387779e-14     1.837917
       0.881 2.944608e-16        0.125          0.1   440      0.00025            0 1.387779e-14     1.837917
       0.883 2.944608e-16        0.125          0.1   441      0.00025            0 1.387779e-14     1.837917
       0.885 2.944608e-16        0.125          0.1   442      0.00025            0 1.387779e-14     1.837917
       0.887 2.944608e-16        0.125          0.1   443      0.00025            0 1.387779e-14     1.837917
       0.889 2.944608e-16        0.125          0.1   444      0.00025            0 1.387779e-14     1.837917
       0.891 2.944608e-16        0.125          0.1   445      0.00025            0 1.387779e-14     1.837917
       0.893 2.944608e-16        0.125          0.1   446      0.00025            0 1.387779e-14     1.837917
       0.895 2.944608e-16        0.125          0.1   447      0.00025            0 1.387779e-14     1.837917
       0.897 2.944608e-16        0.125          0.1   448      0.00025            0 1.387779e-14     1.837917
       0.899 2.944608e-16        0.125          0.1   449      0.00025            0 1.387779e-14     1.837917
       0.901 2.944608e-16        0.125          0.1   450      0.00025            0 1.387779e-14     1.837917
       0.903 2.944608e-16        0.125          0.1   451      0.00025            0 1.387779e-14     1.837917
       0.905 2.944608e-16        0.125          0.1   452      0.00025            0 1.387779e-14     1.837917
       0.907 2.944608e-16        0.125          0.1   453      0.00025            0 1.387779e-14     1.837917
       0.909 2.944608e-16        0.125          0.1   454      0.00025            0 1.387779e-14     1.837917
       0.911 2.944608e-16        0.125          0.1   455      0.00025            0 1.387779e-14     1.837917
       0.913 2.944608e-16        0.125          0.1   456      0.00025            0 1.387779e-14     1.837917
       0.915 2.944608e-16        0.125          0.1   457      0.00025            0 1.387779e-14     1.837917
       0.917 2.944608e-16        0.125          0.1   458      0.00025            0 1.387779e-14     1.837917
       0.919 2.944608e-16        0.125          0.1   459      0.00025            0 1.387779e-14     1.837917
       0.921 2.944608e-16        0.125          0.1   460      0.00025            0 1.387779e-14     1.837917
       0.923 2.944608e-16        0.125          0.1   461      0.00025            0 1.387779e-14     1.837917
       0.925 2.944608e-16        0.125          0.1   462      0.00025 -9.860761e-29 1.387779e-14     1.837917
       0.927 2.944608e-16        0.125          0.1   463      0.00025 -3.697785e-28 1.387779e-14     1.837917
       0.929 2.944608e-16        0.125          0.1   464      0.00025 -1.700981e-27 1.387779e-14     1.837917
       0.931 2.944608e-16        0.125          0.1   465      0.00025 -7.790001e-27 1.387779e-14     1.837917
       0.933 2.944608e-16        0.125          0.1   466      0.00025 -3.387172e-26 1.387779e-14     1.837917
       0.935 2.944608e-16        0.125          0.1   467      0.00025 -1.425127e-25 1.387779e-14     1.837917
       0.937 2.944608e-16        0.125          0.1   468      0.00025 -5.775201e-25 1.387779e-14     1.837917
       0.939 2.944608e-16        0.125          0.1   469      0.00025 -2.254343e-24 1.387779e-14     1.837917
       0.941 2.944608e-16        0.125          0.1   470      0.00025 -8.474905e-24 1.387779e-14     1.837917
       0.943 2.944608e-16        0.125          0.1   471      0.00025 -3.067658e-23 1.387779e-14     1.837917
       0.945 2.944608e-16        0.125          0.1   472      0.00025 -1.068902e-22 1.387779e-14     1.837917
       0.947 2.944608e-16        0.125          0.1   473      0.00025 -3.584402e-22 1.387779e-14     1.837917
       0.949 2.944608e-16        0.125          0.1   474      0.00025 -1.15647e-21 1.387779e-14     1.837917
       0.951 2.944608e-16        0.125          0.1   475      0.00025 -3.589057e-21 1.387778e-14     1.837917
       0.953 2.944608e-16        0.125          0.1   476      0.00025 -1.071135e-20 1.387778e-14     1.837917
       0.955 2.944608e-16        0.125          0.1   477      0.00025 -3.073372e-20 1.387776e-14     1.837917
       0.957 2.944607e-16        0.125          0.1   478      0.00025 -8.475873e-20  1.38777e-14     1.837917
       0.959 2.944603e-16        0.125          0.1   479      0.00025 -2.246187e-19 1.387756e-14     1.837917
       0.961 2.944595e-16        0.125          0.1   480      0.00025 -5.718697e-19 1.387722e-14     1.837917
       0.963 2.944574e-16        0.125          0.1   481      0.00025 -1.398432e-18 1.387639e-14     1.837917
       0.965 2.944522e-16        0.125          0.1   482      0.00025 -3.283895e-18  1.38745e-14     1.837917
       0.967 2.944398e-16        0.125          0.1   483      0.00025 -7.403903e-18 1.387038e-14     1.837917
       0.969 2.944112e-16        0.125          0.1   484      0.00025 -1.602461e-17 1.386176e-14     1.837917
       0.971  2.94348e-16        0.125          0.1   485      0.00025 -3.32902e-17  1.38445e-14     1.837917
       0.973 2.942135e-16        0.125          0.1   486      0.00025 -6.637604e-17 1.381141e-14     1.837917
       0.975  2.93938e-16        0.125          0.1   487      0.00025 -1.270159e-16 1.375077e-14     1.837917
       0.977  2.93395e-16        0.125          0.1   488      0.00025 -2.332752e-16 1.364451e-14     1.837917
       0.979 2.923641e-16        0.125          0.1   489      0.00025 -4.112296e-16 1.346656e-14     1.837917
       0.981 2.904789e-16        0.125          0.1   490      0.00025 -6.959597e-16 1.318183e-14     1.837917
       0.983 2.871571e-16        0.125          0.1   491      0.00025 -1.131067e-15 1.274672e-14     1.837917
       0.985 2.815138e-16        0.125          0.1   492      0.00025 -1.765907e-15 1.211188e-14     1.837917
       0.987 2.722645e-16        0.125          0.1   493      0.00025 -2.650028e-15 1.122776e-14     1.837917
       0.989 2.576287e-16        0.125          0.1   494      0.00025 -3.825004e-15 1.005278e-14     1.837917
       0.991 2.352492e-16        0.125          0.1   495      0.00025 -5.314764e-15 8.563024e-15     1.837917
       0.993 2.021474e-16        0.125          0.1   496      0.00025 -7.116495e-15 6.761293e-15     1.837917
       0.995 1.547303e-16        0.125          0.1   497      0.00025 -9.194667e-15 4.683121e-15     1.837917
       0.997 8.886222e-17        0.125          0.1   498      0.00025 -1.148047e-14  2.39732e-15     1.837917
       0.999            0        0.125          0.1   499      0.00025            0            0            0
