     -9.9375            0            1            1     0        0.125            0            0            0
     -9.8125            0            1            1     1        0.125            0            0            1
     -9.6875            0            1            1     2        0.125            0            0            1
     -9.5625 7.506478e-17            1            1     3        0.125            0 1.776357e-15            1
     -9.4375 1.050907e-15            1            1     4        0.125            0 1.776357e-14            1
     -9.3125 2.184385e-14            1            1     5        0.125            0 3.241851e-13            1
     -9.1875 1.226934e-13            1            1     6        0.125            0  1.54543e-12            1
     -9.0625 5.054862e-13            1            1     7        0.125            0 5.601741e-12            1
     -8.9375 1.932017e-12            1            1     8        0.125            0 2.057199e-11            1
     -8.8125 7.149207e-12            1            1     9        0.125            0 7.502265e-11            1
     -8.6875 2.580352e-11            1            1    10        0.125            0 2.659117e-10            1
     -8.5625 9.096004e-11            1            1    11        0.125            0 9.182388e-10            1
     -8.4375 3.122759e-10            1            1    12        0.125            0 3.086956e-09            1
     -8.3125 1.043385e-09            1            1    13        0.125            0 1.009112e-08            1
     -8.1875 3.391793e-09            1            1    14        0.125            0 3.206403e-08            1
     -8.0625  1.07218e-08            1            1    15        0.125            0 9.897121e-08            1
     -7.9375 3.293758e-08            1            1    16        0.125            0 2.965463e-07            1
     -7.8125  9.82683e-08    0.9999999    0.9999999    17        0.125            0 8.618491e-07            1
     -7.6875  2.84521e-07    0.9999997    0.9999996    18        0.125            0 2.427414e-06            1
     -7.5625 7.988163e-07    0.9999992    0.9999989    19        0.125            0 6.619231e-06            1
     -7.4375 2.172793e-06    0.9999978    0.9999971    20        0.125            0 1.745574e-05            1
   -7.312499 5.719969e-06    0.9999942    0.9999925    21        0.125            0 4.446202e-05     1.000001
   -7.187498 1.455713e-05    0.9999854     0.999981    22        0.125            0 0.0001092259     1.000001
   -7.062496 3.576884e-05    0.9999645    0.9999535    23        0.125            0 0.0002583534     1.000003
    -6.93749 8.472998e-05    0.9999167    0.9998905    24        0.125            0 0.0005872119     1.000007
   -6.812476 0.0001931693    0.9998119    0.9997518    25        0.125            0  0.001279545     1.000015
   -6.687445 0.0004230297     0.999592    0.9994597    26        0.125            0  0.002665725     1.000031
   -6.562379 0.0008879428     0.999152    0.9988728    27        0.125            0  0.005292822      1.00006
   -6.437242  0.001782188    0.9983156    0.9977525    28        0.125            0  0.009979934      1.00011
   -6.311973  0.003411634    0.9968109    0.9957279    29        0.125            0   0.01779918     1.000191
   -6.186468  0.006214093    0.9942596    0.9922802    30        0.125            0   0.02991005      1.00031
   -6.060568   0.01074519    0.9901965    0.9867671    31        0.125            0   0.04717265     1.000472
   -5.934047   0.01761682    0.9841405    0.9785218    32        0.125            0   0.06965135     1.000669
   -5.806609   0.02736563    0.9756977    0.9669981    33        0.125            0   0.09610764     1.000885
     -5.6779   0.04033295     0.964697    0.9519683    34        0.125            0    0.1241187     1.001095
   -5.547542   0.05649962    0.9512259     0.933572    35        0.125            0    0.1503478     1.001269
   -5.415152   0.07558996    0.9356937    0.9124169    36        0.125            0    0.1721244     1.001397
   -5.280418   0.09692147    0.9185796    0.8891968    37        0.125            0    0.1872546     1.001462
   -5.143026    0.1200205    0.9005864    0.8649368    38        0.125            0    0.1962962     1.001495
   -5.002844    0.1439315    0.8819999    0.8400285    39        0.125            0    0.1990636      1.00147
   -4.859574    0.1687884    0.8635342      0.81551    40        0.125            0    0.1991629      1.00147
   -4.713344    0.1933458    0.8448114    0.7908042    41        0.125            0    0.1953388     1.001395
   -4.563618     0.219021    0.8268397    0.7673743    42        0.125            0    0.1931275     1.001423
    -4.41101    0.2434138    0.8082272    0.7432084    43        0.125            0    0.1872835     1.001299
   -4.254241    0.2701277    0.7910402    0.7212497    44        0.125            0    0.1864635       1.0014
   -4.095028    0.2939981    0.7722251    0.6972029    45        0.125            0     0.179679     1.001193
   -3.930399    0.3225118    0.7560152    0.6769485    46        0.125            0    0.1812813     1.001412
   -3.764466    0.3453569    0.7365263    0.6524169    47        0.125            0    0.1729144     1.001063
   -3.590794    0.3766423    0.7216443    0.6342849    48        0.125            0    0.1769709     1.001456
   -3.418244    0.3976182    0.7009879    0.6086741    49        0.125            0    0.1662758     1.000899
   -3.233874    0.4327454    0.6879485     0.593253    50        0.125            0    0.1724485     1.001525
   -3.055179    0.4507238    0.6656713     0.566062    51        0.125            0    0.1592339     1.000692
   -2.857895    0.4907083     0.655052    0.5539646    52        0.125            0    0.1665987     1.001604
   -2.674016    0.5044765    0.6308732    0.5249411    53        0.125            0    0.1514982     1.000441
   -2.461039    0.5498939    0.6231502    0.5165987    54        0.125            0    0.1579321     1.001667
   -2.273482    0.5585231    0.5972475    0.4860522    55        0.125            0    0.1426664     1.000154
    -2.04171    0.6086573    0.5925572    0.4814449    56        0.125            0    0.1438182     1.001669
   -1.852373    0.6121159    0.5661226    0.4508235    57        0.125            0    0.1313933    0.9998432
   -1.599253    0.6632185     0.563961    0.4491701    58        0.125            0    0.1189187     1.001526
   -1.409896    0.6631592    0.5402327    0.4220925    59        0.125            0    0.1130355    0.9995267
   -1.135649    0.7052235    0.5393003    0.4217261    60        0.125            0   0.07266359     1.001077
  -0.9469244    0.7049418    0.5248026    0.4051706    61        0.125            0   0.07200744    0.9991795
  -0.6586884      0.71916    0.5249149    0.4056488    62        0.125            0  -0.01125168     1.000059
  -0.4707324    0.7158202    0.5256656    0.4060797    63        0.125            0  -0.01827944    0.9991206
  -0.1830058    0.7079949    0.5273151    0.4080324    64        0.125            0  -0.01993703    0.9995313
 0.003440878    0.7026822    0.5313215    0.4122536    65        0.125            0   -0.0236398    0.9992271
   0.2874506    0.6969104    0.5330333     0.414284    66        0.125            0  -0.02371519    0.9996364
   0.4725255    0.6930708    0.5372891    0.4187573    67        0.125            0  -0.01972986     0.999243
   0.7526465    0.6883347    0.5373494    0.4190109    68        0.125            0  -0.01343671     0.999691
   0.9378824    0.6861522    0.5418308    0.4237313    69        0.125            0 -0.008622187    0.9992666
    1.213881    0.6835214    0.5391256    0.4209849    70        0.125            0 -0.005613355    0.9997711
    1.401803    0.6853523    0.5451004    0.4273675    71        0.125            0  0.007501944    0.9993885
    1.672146     0.682855      0.53509    0.4165468    72        0.125            0  0.007456099     0.999692
    1.869498    0.6903557     0.545216    0.4275349    73        0.125            0 -0.005454058    0.9994832
    2.130117    0.6859221    0.5332645    0.4144507    74        0.125            0 -0.005506569    0.9994316
    2.339038    0.6851554     0.549661    0.4323858    75        0.125            0   0.00121957    0.9993981
    2.584039    0.6808188    0.5296149    0.4105969    76        0.125            0  0.002719164    0.9997039
    2.812069    0.6903714    0.5527168    0.4352638    77        0.125            0   0.00553286    0.9982719
    3.035759    0.6879057    0.5179019    0.4073913    78        0.125            0  0.002240589     1.023447
    3.284183    0.6870163    0.8367442    0.4366585    79      0.21875            0 3.813405e-05    0.5604181
    3.587866    0.6854278    0.3744155    0.4068097    80    0.1015625            0 -0.003407005     1.609519
    3.801912    0.6838394    0.4585137    0.4373371    81        0.125            0 -0.007818799     1.302936
    4.138812    0.6887819    0.4373351    0.4100217    82        0.125            0   0.01061392     1.305169
    4.374426     0.684167    0.4542784    0.4300234    83        0.125            0   0.01306225       1.2979
    4.688478    0.6868694    0.4386377    0.4114487    84        0.125            0  -0.01293675     1.304269
    4.945221    0.6828408    0.4503873    0.4291165    85        0.125            0   -0.0111713     1.310855
    5.242713    0.6889052    0.4424585    0.4180439    86        0.125            0   0.01347789     1.309183
    5.510672    0.6853395    0.4455741    0.4230018    87        0.125            0  0.007071413      1.31176
    5.803439    0.6811753    0.4410444    0.4162578    88        0.125            0 0.0001391212     1.309445
     6.07796    0.6781507    0.4451369    0.4230789    89        0.125            0 -0.008681615     1.313803
    6.364593    0.6942932    0.4446596     0.419969    90        0.125            0  -0.02455232     1.306106
    6.640544      0.69322    0.4512484    0.4282916    91        0.125            0 -0.007655925     1.304841
    6.918335    0.6930341    0.4461509    0.4219964    92        0.125            0   0.06223823     1.306274
    7.200618     0.678008    0.4361503    0.4086094    93        0.125            0 -0.004020839     1.305623
     7.49074    0.5957109    0.4049606    0.3681736    94        0.125            0   0.08217709     1.305193
    7.816255    0.4033032     0.325084    0.2655966    95        0.125            0     1.733787     1.280645
    8.261022   0.06188588    0.2676466      0.19707    96        0.125            0    0.2906365     1.247482
    8.751743  0.009930133     0.252764    0.1821861    97        0.125            0   0.05115532     1.249436
    9.250282  0.001628194    0.2504429    0.1799287    98        0.125            0  0.008406352     1.249994
        9.75            0    0.2500732       0.1795    99        0.125            0            0            0
