    -9.96875            0            1            1     0       0.0625            0            0            0
    -9.90625            0            1            1     1       0.0625            0            0            1
    -9.84375            0            1            1     2       0.0625            0            0            1
    -9.78125            0            1            1     3       0.0625            0            0            1
    -9.71875            0            1            1     4       0.0625            0            0            1
    -9.65625            0            1            1     5       0.0625            0            0            1
    -9.59375            0            1            1     6       0.0625            0            0            1
    -9.53125            0            1            1     7       0.0625            0            0            1
    -9.46875            0            1            1     8       0.0625            0            0            1
    -9.40625            0            1            1     9       0.0625            0            0            1
    -9.34375            0            1            1    10       0.0625            0            0            1
    -9.28125            0            1            1    11       0.0625            0            0            1
    -9.21875            0            1            1    12       0.0625            0            0            1
    -9.15625            0            1            1    13       0.0625            0            0            1
    -9.09375            0            1            1    14       0.0625            0            0            1
    -9.03125            0            1            1    15       0.0625            0            0            1
    -8.96875            0            1            1    16       0.0625            0            0            1
    -8.90625            0            1            1    17       0.0625            0            0            1
    -8.84375            0            1            1    18       0.0625            0            0            1
    -8.78125            0            1            1    19       0.0625            0            0            1
    -8.71875            0            1            1    20       0.0625            0            0            1
    -8.65625            0            1            1    21       0.0625            0            0            1
    -8.59375            0            1            1    22       0.0625            0            0            1
    -8.53125            0            1            1    23       0.0625            0            0            1
    -8.46875            0            1            1    24       0.0625            0            0            1
    -8.40625            0            1            1    25       0.0625            0            0            1
    -8.34375            0            1            1    26       0.0625            0            0            1
    -8.28125            0            1            1    27       0.0625            0            0            1
    -8.21875            0            1            1    28       0.0625            0            0            1
    -8.15625            0            1            1    29       0.0625            0            0            1
    -8.09375            0            1            1    30       0.0625            0            0            1
    -8.03125            0            1            1    31       0.0625            0            0            1
    -7.96875            0            1            1    32       0.0625            0            0            1
    -7.90625            0            1            1    33       0.0625            0            0            1
    -7.84375            0            1            1    34       0.0625            0            0            1
    -7.78125            0            1            1    35       0.0625            0            0            1
    -7.71875            0            1            1    36       0.0625            0            0            1
    -7.65625            0            1            1    37       0.0625            0            0            1
    -7.59375            0            1            1    38       0.0625            0            0            1
    -7.53125            0            1            1    39       0.0625            0            0            1
    -7.46875            0            1            1    40       0.0625            0            0            1
    -7.40625            0            1            1    41       0.0625            0            0            1
    -7.34375            0            1            1    42       0.0625            0            0            1
    -7.28125            0            1            1    43       0.0625            0            0            1
    -7.21875            0            1            1    44       0.0625            0            0            1
    -7.15625            0            1            1    45       0.0625            0            0            1
    -7.09375            0            1            1    46       0.0625            0            0            1
    -7.03125            0            1            1    47       0.0625            0            0            1
    -6.96875            0            1            1    48       0.0625            0            0            1
    -6.90625            0            1            1    49       0.0625            0            0            1
    -6.84375            0            1            1    50       0.0625            0            0            1
    -6.78125            0            1            1    51       0.0625            0            0            1
    -6.71875            0            1            1    52       0.0625            0            0            1
    -6.65625            0            1            1    53       0.0625            0            0            1
    -6.59375            0            1            1    54       0.0625            0            0            1
    -6.53125            0            1            1    55       0.0625            0            0            1
    -6.46875            0            1            1    56       0.0625            0            0            1
    -6.40625            0            1            1    57       0.0625            0            0            1
    -6.34375            0            1            1    58       0.0625            0            0            1
    -6.28125            0            1            1    59       0.0625            0            0            1
    -6.21875            0            1            1    60       0.0625            0            0            1
    -6.15625            0            1            1    61       0.0625            0            0            1
    -6.09375            0            1            1    62       0.0625            0            0            1
    -6.03125            0            1            1    63       0.0625            0            0            1
    -5.96875            0            1            1    64       0.0625            0            0            1
    -5.90625            0            1            1    65       0.0625            0            0            1
    -5.84375            0            1            1    66       0.0625            0            0            1
    -5.78125            0            1            1    67       0.0625            0            0            1
    -5.71875 3.753239e-17            1            1    68       0.0625            0 1.776357e-15            1
    -5.65625 6.380506e-16            1            1    69       0.0625            0 1.598721e-14            1
    -5.59375 9.608291e-15            1            1    70       0.0625            0 2.380318e-13            1
    -5.53125 6.778349e-14            1            1    71       0.0625            0 1.868727e-12            1
    -5.46875 5.381769e-13            1            1    72       0.0625            0 1.244338e-11            1
    -5.40625  3.01325e-12            1            1    73       0.0625            0 6.901324e-11            1
    -5.34375  1.73865e-11            1            1    74       0.0625            0  3.93257e-10            1
    -5.28125  9.74113e-11            1            1    75       0.0625            0 2.180446e-09            1
    -5.21875 5.382377e-10            1            1    76       0.0625            0 1.204866e-08            1
    -5.15625 2.989413e-09            1            1    77       0.0625            0 6.690525e-08            1
    -5.09375 1.654286e-08            1            1    78       0.0625            0 3.693149e-07            1
    -5.03125 9.138725e-08    0.9999999    0.9999999    79       0.0625            0 2.039872e-06            1
    -4.96875 5.048875e-07    0.9999997    0.9999995    80       0.0625            0 1.128913e-05    0.9999999
    -4.90625 2.769592e-06    0.9999984    0.9999972    81       0.0625            0 6.154426e-05    0.9999995
   -4.843749  1.53383e-05    0.9999909    0.9999848    82       0.0625            0 0.0003403278    0.9999975
   -4.781247 8.509298e-05    0.9999522    0.9999181    83       0.0625            0  0.001933459    0.9999851
   -4.718734 0.0004547026    0.9997265    0.9995362    84       0.0625            0      0.01003     0.999919
   -4.656162  0.002538075    0.9983283    0.9973144    85       0.0625            0   0.05369931    0.9996531
   -4.593258   0.01544028    0.9945916    0.9892399    86       0.0625            0    0.3785227    0.9967791
   -4.528975   0.04803752    0.9399145    0.9260726    87       0.0625            0     0.576833         1.01
   -4.462861   0.07675359    0.9369083     0.914286    88       0.0625            0     0.415177     1.001627
   -4.395635   0.08985039    0.9282307    0.9003934    89       0.0625            0    0.2380146    0.9993417
   -4.327683    0.1026217     0.913014    0.8818359    90       0.0625            0     0.193804     1.001658
   -4.259018    0.1142425     0.907879     0.873421    91       0.0625            0    0.2042007    0.9999642
   -4.189755    0.1236681     0.898693    0.8616486    92       0.0625            0    0.1554005     1.000632
   -4.119934    0.1334722    0.8910368    0.8514753    93       0.0625            0    0.1656996     1.000733
   -4.049509    0.1430872    0.8844562    0.8424214    94       0.0625            0    0.1604119      1.00042
   -3.978537    0.1532642     0.875859    0.8314092    95       0.0625            0    0.1673898     1.000938
   -3.906889    0.1646639    0.8677348    0.8204538    96       0.0625            0    0.1889478      1.00072
   -3.834485    0.1764811    0.8582062    0.8079878    97       0.0625            0    0.1987012     1.000867
   -3.761277    0.1899365    0.8480653    0.7946828    98       0.0625            0     0.213594     1.000905
   -3.687114    0.2047689    0.8375141    0.7808983    99       0.0625            0    0.2232399     1.000934
   -3.612041    0.2201535    0.8264309     0.766537   100       0.0625            0    0.2371421     1.001023
   -3.535905    0.2363105    0.8146264    0.7511536   101       0.0625            0      0.24622     1.000891
   -3.458588    0.2524793    0.8027023    0.7358163   102       0.0625            0    0.2438362     1.000906
   -3.380171    0.2695278    0.7908431    0.7206661   103       0.0625            0    0.2423825     1.000939
   -3.300524    0.2871531    0.7790937    0.7056859   104       0.0625            0    0.2406012     1.000889
   -3.219717    0.3040256    0.7674106    0.6909407   105       0.0625            0    0.2418443     1.000926
   -3.137648    0.3213582    0.7553839    0.6757636   106       0.0625            0    0.2401868     1.000829
   -3.054214    0.3385054    0.7436926    0.6611501   107       0.0625            0    0.2306329     1.000804
   -2.969543    0.3562043    0.7323314     0.647125   108       0.0625            0    0.2294189     1.000916
   -2.883539    0.3741552    0.7207073    0.6327126   109       0.0625            0    0.2278898     1.000792
   -2.796076    0.3917291    0.7094614    0.6189735   110       0.0625            0    0.2275193     1.000856
   -2.707368    0.4091642    0.6976072    0.6044786   111       0.0625            0    0.2239214      1.00075
    -2.61685    0.4281561    0.6865354    0.5911518   112       0.0625            0    0.2202295     1.000854
   -2.525314    0.4453301    0.6749289    0.5771299   113       0.0625            0    0.2158187     1.000719
     -2.4316    0.4657993    0.6641743    0.5644141   114       0.0625            0    0.2219602     1.000928
   -2.337176    0.4817875    0.6518823    0.5496263   115       0.0625            0    0.2110272     1.000531
   -2.239729    0.5037703    0.6419636    0.5382363   116       0.0625            0    0.2176259     1.001056
   -2.142603    0.5188197    0.6288666    0.5225461   117       0.0625            0    0.2006315     1.000329
   -2.040739    0.5438388    0.6205912     0.513427   118       0.0625            0    0.2141436     1.001269
   -1.941457    0.5553174    0.6060178    0.4960131   119       0.0625            0    0.1969295     1.000031
   -1.834123    0.5843468    0.5993304    0.4890548   120       0.0625            0    0.2072979     1.001439
   -1.733289    0.5913039    0.5835206    0.4702795   121       0.0625            0    0.1810619    0.9997177
   -1.619401    0.6260453    0.5794687    0.4666508   122       0.0625            0     0.198309     1.001729
   -1.518162    0.6270718     0.561928    0.4459007   123       0.0625            0    0.1770066    0.9992754
   -1.396283     0.664168     0.559798    0.4446774   124       0.0625            0     0.170559     1.001847
   -1.295534    0.6638816    0.5427804    0.4247148   125       0.0625            0     0.168614    0.9991336
   -1.165299      0.69854    0.5413106    0.4241636   126       0.0625            0    0.1409164     1.001632
   -1.065217     0.698142    0.5269176    0.4073874   127       0.0625            0    0.1398113    0.9990055
  -0.9274421    0.7216853    0.5265859    0.4077885   128       0.0625            0   0.05313363     1.000871
  -0.8281371    0.7203849    0.5210602    0.4010231   129       0.0625            0      0.04353      0.99891
  -0.6871831    0.7171781    0.5235158    0.4040756   130       0.0625            0   -0.0619148      0.99991
  -0.5893872    0.7127573    0.5252884    0.4057286   131       0.0625            0  -0.06541263    0.9992603
   -0.449141     0.705765    0.5297752    0.4108665   132       0.0625            0  -0.05315738    0.9999368
  -0.3535074    0.7000032    0.5314439    0.4124122   133       0.0625            0  -0.04419697    0.9992888
  -0.2138638    0.6943787    0.5356559     0.417334   134       0.0625            0  -0.03532855       1.0001
  -0.1202575    0.6909708    0.5363056    0.4177292   135       0.0625            0  -0.02661849    0.9993499
  0.01929364    0.6882805    0.5394831    0.4215985   136       0.0625            0  -0.01510647       1.0003
   0.1112989    0.6869792    0.5387058    0.4203299   137       0.0625            0 -0.007657504    0.9993048
   0.2514524    0.6863673    0.5409467    0.4232588   138       0.0625            0 -0.001798658     1.000437
   0.3422054    0.6861941    0.5391659    0.4208107   139       0.0625            0 0.0002315424    0.9992529
   0.4834507    0.6867445    0.5410014    0.4233589   140       0.0625            0  0.004326936     1.000532
   0.5730693    0.6871443    0.5387082    0.4202559   141       0.0625            0  0.004109957    0.9991227
   0.7156765    0.6871614    0.5405828    0.4229114   142       0.0625            0 -0.004204725     1.000558
   0.8041315    0.6866791    0.5388258    0.4203406   143       0.0625            0 -0.003696495    0.9990187
   0.9478467    0.6862992    0.5410996    0.4235357   144       0.0625            0 -0.001101794     1.000696
    1.034949    0.6863298    0.5392126     0.420726   145       0.0625            0  0.003420594    0.9989305
    1.179836    0.6861517    0.5403873    0.4228161   146       0.0625            0   0.00503891     1.000839
    1.266097    0.6896521     0.538668    0.4201294   147       0.0625            0   0.01186704    0.9989262
    1.412016     0.688787     0.538654     0.420872   148       0.0625            0   0.01033534     1.000728
    1.498094     0.688243    0.5384111    0.4197451   149       0.0625            0  -0.01856644    0.9986793
    1.644278     0.686581     0.539389    0.4217579   150       0.0625            0  -0.01210668     1.000922
    1.729827    0.6871492    0.5411113    0.4227113   151       0.0625            0  0.004661614    0.9987174
    1.875161    0.6848576    0.5368251    0.4189785   152       0.0625            0  0.009803276     1.000981
    1.962933    0.6905876    0.5415978    0.4232266   153       0.0625            0 -0.006431439    0.9986777
    2.105635    0.6871511    0.5353588    0.4174148   154       0.0625            0 -0.009114732     1.001071
    2.196928    0.6862865    0.5446386    0.4264774   155       0.0625            0 -0.003238322    0.9984911
    2.334522    0.6829537    0.5335104    0.4157571   156       0.0625            0  -0.00385443     1.001935
    2.431994    0.6886229    0.5469779    0.4293695   157       0.0625            0  0.009688161    0.9992484
    2.562095    0.6865605    0.5296113    0.4129025   158       0.0625            0   0.01012002     1.005327
    2.669045    0.6882189    0.8112314    0.4300374   159     0.109375            0  0.003293785    0.5763729
    2.830769     0.687698    0.3851495    0.4116642   160   0.05078125            0  0.001264606     1.565532
    2.933795    0.6889596     0.454098    0.4303996   161       0.0625            0 -0.002874882     1.299758
    3.104999    0.6883468    0.4398792     0.411616   162       0.0625            0 -0.000627601     1.299647
    3.218915    0.6867014    0.4531897    0.4292912   163       0.0625            0 0.0002957558     1.300049
    3.379905    0.6897573    0.4416476    0.4131271   164       0.0625            0 -0.009953641     1.297112
    3.502735    0.6871066     0.452658    0.4280426   165       0.0625            0 -0.007912437     1.298401
     3.65536    0.6877549     0.443655    0.4168223   166       0.0625            0  0.005621799     1.300431
     3.78496    0.6849099    0.4491789    0.4245139   167       0.0625            0  0.008833764     1.301682
    3.933285    0.6866308    0.4444212    0.4183208   168       0.0625            0 -0.006675171     1.301957
     4.06653     0.685565    0.4486983     0.424223   169       0.0625            0 -0.005353952     1.302741
    4.211607    0.6879648    0.4463814    0.4198817   170       0.0625            0  0.007348865     1.298789
    4.346751    0.6893853    0.4479647    0.4233376   171       0.0625            0 -0.002184067     1.303003
    4.490459    0.6883672    0.4453522    0.4194153   172       0.0625            0  0.001279044     1.301545
    4.627633    0.6875462    0.4479102    0.4234347   173       0.0625            0  0.003656343     1.303525
    4.769326    0.6870904     0.445072    0.4193219   174       0.0625            0 -0.0002608057     1.302403
      4.9087    0.6879438    0.4490235    0.4237384   175       0.0625            0 -0.005422175     1.299933
    5.047486     0.687643    0.4451939    0.4196134   176       0.0625            0  0.008387312     1.302808
    5.189616    0.6855466     0.446193    0.4208967   177       0.0625            0   0.04488862     1.302698
    5.327417     0.682692    0.4406137    0.4136758   178       0.0625            0   0.06734077     1.303104
    5.473495    0.6777568    0.4399848    0.4128161   179       0.0625            0  -0.05640935     1.302998
    5.611762    0.6902777    0.4464336    0.4217142   180       0.0625            0   -0.1305948     1.304243
    5.753427    0.6961829    0.4518422    0.4288347   181       0.0625            0  -0.08630771     1.304093
     5.88833     0.708467    0.4577818    0.4357279   182       0.0625            0   -0.1963841     1.301048
    6.025376    0.6584029    0.4328572    0.4036405   183       0.0625            0    0.5429448     1.303504
    6.175189    0.5324844    0.3500468    0.2956891   184       0.0625            0     3.045994     1.285461
    6.383662   0.09237203    0.2778906     0.207748   185       0.0625            0     0.795124      1.24771
    6.626378   0.01576985    0.2544475    0.1838231   186       0.0625            0    0.1685232     1.249001
     6.87523  0.002616452    0.2506978    0.1801719   187       0.0625            0   0.02657568     1.249903
    7.125036 0.0004059622    0.2501158    0.1796115   188       0.0625            0  0.004111969     1.250076
    7.375006   6.7009e-05     0.250018    0.1795173   189       0.0625            0  0.000682404     1.250105
    7.625001 1.043249e-05     0.250003    0.1795028   190       0.0625            0 0.0001060056      1.25011
       7.875 1.699629e-06    0.2500005    0.1795004   191       0.0625            0 1.736291e-05      1.25011
       8.125 2.686552e-07    0.2500001    0.1795001   192       0.0625            0 2.725947e-06     1.250111
       8.375 4.314532e-08         0.25       0.1795   193       0.0625            0 4.402164e-07     1.250111
       8.625 6.902849e-09         0.25       0.1795   194       0.0625            0 7.017807e-08     1.250111
       8.875 1.095244e-09         0.25       0.1795   195       0.0625            0 1.119153e-08     1.250111
       9.125 1.755884e-10         0.25       0.1795   196       0.0625            0 1.794993e-09     1.250111
       9.375 2.749233e-11         0.25       0.1795   197       0.0625            0 2.828093e-10     1.250111
       9.625 4.485862e-12         0.25       0.1795   198       0.0625            0 4.635625e-11     1.250111
       9.875            0         0.25       0.1795   199       0.0625            0            0            0
