     -9.9375            0            1            1     0        0.125            0            0            0
     -9.8125            0            1            1     1        0.125            0            0            1
     -9.6875            0            1            1     2        0.125            0            0            1
     -9.5625            0            1            1     3        0.125            0            0            1
     -9.4375            0            1            1     4        0.125            0            0            1
     -9.3125 3.753239e-17            1            1     5        0.125            0 8.881784e-16            1
     -9.1875 6.718298e-15            1            1     6        0.125            0 1.110223e-13            1
     -9.0625 1.733996e-14            1            1     7        0.125            0 2.504663e-13            1
     -8.9375 1.939674e-13            1            1     8        0.125            0 2.176037e-12            1
     -8.8125  3.66241e-13            1            1     9        0.125            0 4.041212e-12            1
     -8.6875 3.119129e-12            1            1    10        0.125            0 3.363798e-11            1
     -8.5625 5.763211e-12            1            1    11        0.125            0 6.150191e-11            1
     -8.4375 4.566584e-11            1            1    12        0.125            0 4.744205e-10            1
     -8.3125 8.180132e-11            1            1    13        0.125            0 8.403491e-10            1
     -8.1875 6.013557e-10            1            1    14        0.125            0 6.001265e-09            1
     -8.0625 1.044426e-09            1            1    15        0.125            0 1.029827e-08            1
     -7.9375 7.085513e-09            1            1    16        0.125            0 6.764182e-08            1
     -7.8125  1.19202e-08            1            1    17        0.125            0  1.12345e-07            1
     -7.6875 7.423125e-08            1    0.9999999    18        0.125            0 6.747322e-07            1
     -7.5625 1.208778e-07    0.9999998    0.9999997    19        0.125            0 1.083635e-06            1
     -7.4375  6.86589e-07    0.9999996    0.9999995    20        0.125            0 5.907155e-06            1
     -7.3125 1.081084e-06     0.999998    0.9999974    21        0.125            0 9.161619e-06            1
   -7.187499  5.55757e-06     0.999997     0.999996    22        0.125            0 4.491331e-05            1
   -7.062499 8.449754e-06    0.9999855    0.9999808    23        0.125            0 6.714509e-05     1.000001
   -6.937496 3.893194e-05    0.9999784    0.9999714    24        0.125            0 0.0002924766     1.000002
   -6.812494  5.70448e-05    0.9999072    0.9998766    25        0.125            0 0.0004203622     1.000007
   -6.687473 0.0002325934     0.999867     0.999823    26        0.125            0  0.001600394     1.000009
    -6.56246 0.0003275389    0.9994989    0.9993299    27        0.125            0  0.002202662     1.000031
   -6.437347  0.001162091    0.9993115    0.9990781    28        0.125            0  0.007161635     1.000042
   -6.312288  0.001566827    0.9977687    0.9969978    29        0.125            0  0.009385223     1.000121
   -6.186788  0.004734084    0.9970726     0.996056    30        0.125            0   0.02524666     1.000153
   -6.061554  0.006083843    0.9920352    0.9892183    31        0.125            0   0.03127286     1.000355
   -5.934781   0.01529697    0.9900662    0.9865383    32        0.125            0    0.0670853     1.000424
   -5.809046   0.01867155    0.9777891    0.9697913    33        0.125            0   0.07802731     1.000772
   -5.679102   0.03851519    0.9737172     0.964232    34        0.125            0    0.1299972     1.000865
   -5.552298   0.04468082    0.9518974    0.9344524    35        0.125            0    0.1418686     1.001223
   -5.416469   0.07625856    0.9457735    0.9261107    36        0.125            0    0.1852847     1.001292
   -5.287964   0.08466933    0.9167298    0.8867047    37        0.125            0    0.1916419     1.001477
    -5.14376      0.12379    0.9096361    0.8771273    38        0.125            0    0.2080447     1.001493
   -5.013129    0.1330734    0.8781105    0.8348683    39        0.125            0    0.2080534     1.001496
   -4.859058    0.1746962    0.8710606    0.8254859    40        0.125            0    0.2049625     1.001479
   -4.726122     0.183957    0.8399484     0.784452    41        0.125            0    0.2024629     1.001412
   -4.561421    0.2259318    0.8332635    0.7757101    42        0.125            0    0.1946192     1.001392
   -4.426097    0.2350441    0.8030726    0.7366013    43        0.125            0    0.1924184     1.001327
   -4.250116    0.2774189    0.7966554    0.7283649    44        0.125            0    0.1860638     1.001314
   -4.112285    0.2865969    0.7670662    0.6907378    45        0.125            0     0.184834     1.001261
   -3.924199    0.3298565    0.7607356    0.6827667    46        0.125            0    0.1798343     1.001256
   -3.783656    0.3393715     0.731548    0.6463426    47        0.125            0    0.1795097     1.001205
   -3.582458    0.3836817    0.7251296    0.6384188    48        0.125            0    0.1743011     1.001207
    -3.43889    0.3938432    0.6964411    0.6033031    49        0.125            0    0.1749227     1.001146
    -3.22349     0.438928     0.689733    0.5951896    50        0.125            0     0.168092     1.001157
   -3.076431    0.4501708     0.661926    0.5618243    51        0.125            0    0.1699751     1.001077
   -2.845805    0.4952073    0.6546403    0.5531981    52        0.125            0    0.1599839     1.001099
   -2.694542    0.5082099    0.6284558     0.522411    53        0.125            0    0.1636914     1.000985
   -2.448004     0.551478    0.6201641    0.5128057    54        0.125            0    0.1482175     1.001022
   -2.291423    0.5672754    0.5969232    0.4860213    55        0.125            0    0.1543533     1.000851
    -2.02919    0.6054524    0.5870536    0.4748308    56        0.125            0    0.1297459     1.000898
   -1.865567    0.6253065    0.5690054    0.4543992    57        0.125            0    0.1376848     1.000633
   -1.589827    0.6526124    0.5571886    0.4412499    58        0.125            0    0.1001314     1.000648
   -1.416886    0.6763585    0.5475036    0.4303886    59        0.125            0    0.1019069     1.000274
   -1.133209    0.6859215     0.535578    0.4172433    60        0.125            0   0.05795516     1.000086
  -0.9501007    0.7037977    0.5354635    0.4170124    61        0.125            0   0.01836583    0.9998321
  -0.6663235    0.6999785    0.5313145    0.4123148    62        0.125            0  0.005843811    0.9993939
  -0.4795696    0.6958936    0.5347692    0.4160699    63        0.125            0  -0.02272132    0.9993861
  -0.1988321    0.6905558    0.5362356    0.4176556    64        0.125            0  -0.03052811    0.9993563
 -0.01335661    0.6865556     0.541022    0.4228786    65        0.125            0  -0.02513466    0.9993434
   0.2632562     0.679859    0.5415994    0.4235033    66        0.125            0  -0.01804235    0.9993265
   0.4482392    0.6767221      0.54625    0.4286259    67        0.125            0  -0.01397531    0.9993794
   0.7209221     0.673234    0.5451763    0.4274579    68        0.125            0 -0.007193958    0.9994054
   0.9068065    0.6731327    0.5497475    0.4324827    69        0.125            0 -0.0002619307    0.9994018
    1.175676    0.6710623    0.5435991     0.425777    70        0.125            0  0.003059173    0.9995211
    1.366704    0.6794254    0.5501001    0.4329017    71        0.125            0   0.01152968    0.9994726
    1.630139    0.6765093    0.5395608    0.4212342    72        0.125            0   0.01049241    0.9992338
    1.830044    0.6757966    0.5502019    0.4329091    73        0.125            0  -0.01700083    0.9992307
    2.084518    0.6724597    0.5409558    0.4227372    74        0.125            0  -0.01239038    0.9991805
    2.292189    0.6738397    0.5554063    0.4386237    75        0.125            0  0.002115588    0.9991645
    2.534639     0.671545    0.5385198    0.4200048    76        0.125            0  0.006677927    0.9990148
    2.756425    0.6747572    0.5554713    0.4387053    77        0.125            0 0.0007063501    0.9991868
    2.984707     0.674594    0.5382104    0.4197682    78        0.125            0 0.0005353698    0.9992556
    3.220927    0.6743581    0.8300112    0.4386777    79      0.21875            0   0.00169727    0.5694139
    3.511808    0.6727956    0.3861846    0.4183808    80    0.1015625            0 -0.005634601     1.585108
    3.746906    0.6705202    0.4569538    0.4388683    81        0.125            0 -0.009450046     1.313751
     4.05891    0.6760048    0.4458266    0.4223368    82        0.125            0   0.01000286     1.308659
    4.307662    0.6724867    0.4560385    0.4334221    83        0.125            0   0.01101993     1.301095
    4.607109    0.6748938    0.4484588    0.4227103    84        0.125            0  -0.01628903     1.299066
    4.865127    0.6726076    0.4585875     0.435291    85        0.125            0 -0.009580655     1.296548
    5.152261    0.6767563    0.4529528    0.4273668    86        0.125            0   0.02533819      1.29517
    5.417061     0.671756    0.4520533    0.4256664    87        0.125            0   0.02415361     1.293611
    5.705293    0.6606387    0.4464803    0.4180486    88        0.125            0  0.001639422     1.292717
    5.976996    0.6610216    0.4560658    0.4307121    89        0.125            0  -0.06942177     1.292851
     6.25346    0.6906663    0.4586683    0.4339132    90        0.125            0  -0.02227635     1.292125
    6.522052    0.6877288    0.4603236    0.4354946    91        0.125            0   0.03335874      1.29031
    6.796556    0.6536589    0.4374832    0.4046984    92        0.125            0     0.201875     1.287614
    7.093502    0.5515372    0.3906292    0.3435768    93        0.125            0    0.4255882     1.281012
    7.436549     0.385835    0.3359332    0.2754745    94        0.125            0    0.5362364     1.268607
    7.837698    0.2171163    0.2940043    0.2263773    95        0.125            0    0.4274912     1.256428
    8.286877    0.1020293    0.2697965    0.1998227    96        0.125            0    0.2416008     1.250818
    8.764322    0.0424287    0.2581913    0.1877288    97        0.125            0    0.1104895      1.24972
    9.255151   0.01602061    0.2536326    0.1831092    98        0.125            0   0.04411634     1.249749
        9.75            0         0.25       0.1795    99        0.125            0            0            0
