    -9.96875            0            1            1     0       0.0625            0            0            0
    -9.90625            0            1            1     1       0.0625            0            0            1
    -9.84375            0            1            1     2       0.0625            0            0            1
    -9.78125            0            1            1     3       0.0625            0            0            1
    -9.71875            0            1            1     4       0.0625            0            0            1
    -9.65625            0            1            1     5       0.0625            0            0            1
    -9.59375            0            1            1     6       0.0625            0            0            1
    -9.53125            0            1            1     7       0.0625            0            0            1
    -9.46875            0            1            1     8       0.0625            0            0            1
    -9.40625            0            1            1     9       0.0625            0            0            1
    -9.34375            0            1            1    10       0.0625            0            0            1
    -9.28125            0            1            1    11       0.0625            0            0            1
    -9.21875            0            1            1    12       0.0625            0            0            1
    -9.15625            0            1            1    13       0.0625            0            0            1
    -9.09375            0            1            1    14       0.0625            0            0            1
    -9.03125            0            1            1    15       0.0625            0            0            1
    -8.96875            0            1            1    16       0.0625            0            0            1
    -8.90625            0            1            1    17       0.0625            0            0            1
    -8.84375            0            1            1    18       0.0625            0            0            1
    -8.78125            0            1            1    19       0.0625            0            0            1
    -8.71875            0            1            1    20       0.0625            0            0            1
    -8.65625            0            1            1    21       0.0625            0            0            1
    -8.59375            0            1            1    22       0.0625            0            0            1
    -8.53125            0            1            1    23       0.0625            0            0            1
    -8.46875            0            1            1    24       0.0625            0            0            1
    -8.40625            0            1            1    25       0.0625            0            0            1
    -8.34375            0            1            1    26       0.0625            0            0            1
    -8.28125            0            1            1    27       0.0625            0            0            1
    -8.21875            0            1            1    28       0.0625            0            0            1
    -8.15625            0            1            1    29       0.0625            0            0            1
    -8.09375            0            1            1    30       0.0625            0            0            1
    -8.03125            0            1            1    31       0.0625            0            0            1
    -7.96875            0            1            1    32       0.0625            0            0            1
    -7.90625            0            1            1    33       0.0625            0            0            1
    -7.84375            0            1            1    34       0.0625            0            0            1
    -7.78125            0            1            1    35       0.0625            0            0            1
    -7.71875            0            1            1    36       0.0625            0            0            1
    -7.65625            0            1            1    37       0.0625            0            0            1
    -7.59375            0            1            1    38       0.0625            0            0            1
    -7.53125            0            1            1    39       0.0625            0            0            1
    -7.46875            0            1            1    40       0.0625            0            0            1
    -7.40625            0            1            1    41       0.0625            0            0            1
    -7.34375            0            1            1    42       0.0625            0            0            1
    -7.28125            0            1            1    43       0.0625            0            0            1
    -7.21875            0            1            1    44       0.0625            0            0            1
    -7.15625            0            1            1    45       0.0625            0            0            1
    -7.09375            0            1            1    46       0.0625            0            0            1
    -7.03125            0            1            1    47       0.0625            0            0            1
    -6.96875            0            1            1    48       0.0625            0            0            1
    -6.90625            0            1            1    49       0.0625            0            0            1
    -6.84375            0            1            1    50       0.0625            0            0            1
    -6.78125            0            1            1    51       0.0625            0            0            1
    -6.71875            0            1            1    52       0.0625            0            0            1
    -6.65625            0            1            1    53       0.0625            0            0            1
    -6.59375 3.377915e-16            1            1    54       0.0625            0 1.065814e-14            1
    -6.53125 2.139346e-15            1            1    55       0.0625            0 8.171241e-14            1
    -6.46875 4.781626e-14            1            1    56       0.0625            0 1.104894e-12            1
    -6.40625 8.711267e-14            1            1    57       0.0625            0 1.854517e-12            1
    -6.34375 6.325709e-13            1            1    58       0.0625            0 1.210232e-11            1
    -6.28125 1.068059e-12            1            1    59       0.0625            0 2.023626e-11            1
    -6.21875 6.761084e-12            1            1    60       0.0625            0  1.25203e-10            1
    -6.15625 1.116356e-11            1            1    61       0.0625            0 2.051372e-10            1
    -6.09375  6.70208e-11            1            1    62       0.0625            0 1.202487e-09            1
    -6.03125 1.086227e-10            1            1    63       0.0625            0 1.931838e-09            1
    -5.96875 6.152025e-10            1            1    64       0.0625            0 1.066519e-08            1
    -5.90625 9.760872e-10            1            1    65       0.0625            0 1.676512e-08            1
    -5.84375 5.200028e-09            1            1    66       0.0625            0 8.684886e-08            1
    -5.78125  8.07549e-09            1            1    67       0.0625            0 1.335512e-07            1
    -5.71875  4.03278e-08            1            1    68       0.0625            0 6.466999e-07            1
    -5.65625 6.126053e-08    0.9999999    0.9999999    69       0.0625            0 9.720269e-07            1
    -5.59375 2.856137e-07    0.9999998    0.9999998    70       0.0625            0 4.379308e-06            1
    -5.53125 4.240637e-07    0.9999993    0.9999991    71       0.0625            0 6.427815e-06            1
    -5.46875 1.837018e-06     0.999999    0.9999986    72       0.0625            0 2.679182e-05            1
    -5.40625 2.663277e-06    0.9999957    0.9999943    73       0.0625            0 3.835351e-05            1
   -5.343749 1.065712e-05    0.9999939    0.9999919    74       0.0625            0 0.0001468439            1
   -5.281249 1.506743e-05    0.9999767    0.9999689    75       0.0625            0 0.0002046832     1.000002
   -5.218746 5.528499e-05    0.9999676    0.9999567    76       0.0625            0 0.0007131809     1.000002
   -5.156245  7.60966e-05    0.9998874     0.999849    77       0.0625            0 0.0009657209     1.000007
   -5.093732 0.0002536005    0.9998475    0.9997954    78       0.0625            0  0.003023893     1.000009
   -5.031226 0.0003390573    0.9995219    0.9993563    79       0.0625            0  0.003964952     1.000026
   -4.968673  0.001013674    0.9993722    0.9991541    80       0.0625            0   0.01096571     1.000033
   -4.906147  0.001312452    0.9982493    0.9976325    81       0.0625            0   0.01386071     1.000083
   -4.843453  0.003465973    0.9977784    0.9969928    82       0.0625            0   0.03309076     1.000102
   -4.780869  0.004330491    0.9945833     0.992641    83       0.0625            0   0.04009592     1.000218
   -4.717773  0.009933539    0.9933813    0.9910001    84       0.0625            0   0.08046261     1.000256
   -4.655036   0.01193923    0.9861154    0.9810602    85       0.0625            0   0.09295041     1.000453
   -4.591013   0.02349263    0.9837017    0.9777537    86       0.0625            0    0.1533798     1.000508
   -4.527965   0.02713591    0.9707915    0.9600537    87       0.0625            0    0.1684966     1.000735
   -4.462252   0.04580298    0.9670303    0.9548977    88       0.0625            0    0.2279216     1.000785
   -4.398704   0.05099248     0.949024    0.9302451    89       0.0625            0     0.238993     1.000943
   -4.330537   0.07512612    0.9443715    0.9238877    90       0.0625            0     0.272402     1.000966
    -4.26634   0.08115508    0.9237822    0.8958504    91       0.0625            0    0.2756725     1.001009
   -4.195224    0.1075879    0.9189223    0.8892561    92       0.0625            0    0.2798739     1.001006
   -4.130311    0.1137236    0.8981425    0.8612047    93       0.0625            0    0.2776425     1.000975
   -4.056048    0.1402088    0.8934926     0.854957    94       0.0625            0      0.26758      1.00096
   -3.990411    0.1461217    0.8735159    0.8282762    95       0.0625            0    0.2639191     1.000912
   -3.912948    0.1720629    0.8691524    0.8224788    96       0.0625            0    0.2529549     1.000899
   -3.846593    0.1777601    0.8499284    0.7970938    97       0.0625            0    0.2500333     1.000862
   -3.765877    0.2034571    0.8457715    0.7916343    98       0.0625            0     0.242729     1.000853
   -3.698799    0.2090568    0.8269581     0.767073    99       0.0625            0    0.2408655     1.000829
    -3.61472    0.2349375     0.822916    0.7618249   100       0.0625            0    0.2366331     1.000823
     -3.5469    0.2405449    0.8042586    0.7377412   101       0.0625            0    0.2355056     1.000806
   -3.459298    0.2668814    0.8002698    0.7326213   102       0.0625            0    0.2327382     1.000803
   -3.390702    0.2725683     0.781654    0.7088632   103       0.0625            0    0.2320609     1.000788
   -3.299381    0.2994809    0.7776787    0.7038198   104       0.0625            0    0.2296645     1.000786
   -3.229968    0.3053028    0.7590796    0.6803567   105       0.0625            0    0.2293241      1.00077
   -3.134707    0.3328231    0.7550852    0.6753494   106       0.0625            0     0.226749      1.00077
   -3.064424    0.3388377    0.7365233    0.6522103   107       0.0625            0    0.2267542     1.000752
   -2.964991    0.3669475    0.7324734    0.6471955   108       0.0625            0    0.2237019     1.000753
   -2.893769    0.3732275    0.7139973    0.6244438   109       0.0625            0    0.2241314     1.000733
    -2.78992    0.4018659    0.7098452    0.6193675   110       0.0625            0    0.2203478     1.000735
   -2.717674    0.4085097    0.6915312    0.5970977   111       0.0625            0    0.2213327     1.000711
   -2.609162    0.4375615    0.6872143    0.5918888   112       0.0625            0    0.2165025     1.000716
    -2.53578    0.4447062    0.6691755    0.5702357   113       0.0625            0    0.2182312     1.000687
   -2.422365    0.4739737    0.6646082     0.564799   114       0.0625            0    0.2119052     1.000695
     -2.3477    0.4818119    0.6470116    0.5439551   115       0.0625            0     0.214639     1.000659
   -2.229169    0.5109682    0.6420765     0.538162   116       0.0625            0    0.2061475     1.000672
   -2.153019    0.5197709    0.6251717    0.5184062   117       0.0625            0    0.2102305     1.000625
   -2.029224    0.5482827    0.6197089    0.5120847   118       0.0625            0    0.1985548     1.000643
   -1.951311    0.5584243     0.603872     0.493827   119       0.0625            0    0.2043802      1.00058
   -1.822227    0.5854277    0.5976736    0.4867569   120       0.0625            0    0.1879738     1.000604
   -1.742167    0.5973905    0.5834758    0.4706059   121       0.0625            0     0.195754     1.000519
   -1.607993    0.6215042    0.5763102    0.4625471   122       0.0625            0    0.1723885     1.000546
    -1.52527    0.6357624    0.5646049    0.4493944   123       0.0625            0    0.1811525     1.000426
     -1.3866    0.6548742    0.5563761    0.4402583   124       0.0625            0    0.1482066     1.000441
   -1.300602    0.6712563    0.5483453     0.431316   125       0.0625            0    0.1518686     1.000276
   -1.158641    0.6825448    0.5397796    0.4218885   126       0.0625            0    0.1085398     1.000218
   -1.069026    0.6976062    0.5366787    0.4184166   127       0.0625            0   0.08227809      1.00002
  -0.9257269    0.6987939    0.5317115    0.4128875   128       0.0625            0    0.0380645     0.999736
  -0.8339357    0.6995777    0.5334314    0.4147179   129       0.0625            0  -0.04587183     0.999638
   -0.691395    0.6949803    0.5347119    0.4160737   130       0.0625            0  -0.04337188    0.9995453
   -0.600165    0.6911262     0.537784    0.4194181   131       0.0625            0  -0.03660253    0.9995306
  -0.4589597    0.6853588    0.5391682    0.4209328   132       0.0625            0   -0.0346927    0.9995369
  -0.3683264    0.6823266    0.5422422     0.424313   133       0.0625            0   -0.0324772    0.9995756
  -0.2284354    0.6785521     0.543214    0.4253836   134       0.0625            0  -0.02343488    0.9995888
  -0.1382145    0.6767393      0.54535    0.4277394   135       0.0625            0  -0.01688762    0.9996173
0.0007751755    0.6748208    0.5455557    0.4279701   136       0.0625            0 -0.008486458    0.9996288
  0.09090971    0.6741902    0.5468032    0.4293482   137       0.0625            0 -0.004408454    0.9996457
   0.2293766    0.6737467    0.5462932    0.4287926   138       0.0625            0 -0.001444442    0.9996573
   0.3197246    0.6743471    0.5472215    0.4298091   139       0.0625            0  0.006189655    0.9996481
   0.4578033    0.6740879    0.5453594     0.427765   140       0.0625            0  0.005211966    0.9996532
   0.5489312     0.675728     0.546776    0.4293084   141       0.0625            0 -0.005183201    0.9996229
   0.6864161    0.6745136    0.5454012    0.4277713   142       0.0625            0 -0.007023614    0.9995605
   0.7781203    0.6736752    0.5476383    0.4302234   143       0.0625            0 -0.004732295    0.9995458
    0.914669    0.6724936    0.5459301    0.4283543   144       0.0625            0 -0.004560757    0.9995656
    1.007087    0.6737095    0.5488155    0.4315209   145       0.0625            0  0.008394695    0.9995509
    1.142432    0.6728776    0.5442894    0.4265513   146       0.0625            0  0.008781513    0.9995612
    1.236745    0.6759986    0.5483158    0.4309598   147       0.0625            0  -0.00448317     0.999525
    1.370403    0.6741853    0.5439263    0.4260934   148       0.0625            0 -0.006847869    0.9994217
    1.466555    0.6734232    0.5497497    0.4324821   149       0.0625            0 -0.002839915     0.999395
    1.597779    0.6715433    0.5435557    0.4256958   150       0.0625            0  -0.00409894    0.9994421
    1.696522    0.6752002    0.5512329    0.4341232   151       0.0625            0   0.01109415    0.9994103
    1.824544    0.6736804     0.541366    0.4232412   152       0.0625            0    0.0111867     0.999311
     1.92742    0.6746614    0.5511854    0.4340183   153       0.0625            0   -0.0106489    0.9992892
    2.051328    0.6731192    0.5415169    0.4233632   154       0.0625            0 -0.009238533     0.999209
    2.158253    0.6739086    0.5534041     0.436428   155       0.0625            0  0.002871131     0.999202
    2.277202    0.6728805    0.5404098    0.4220749   156       0.0625            0  0.004407579    0.9990264
    2.389559    0.6739041    0.5536391    0.4366746   157       0.0625            0 -0.0002430715    0.9991725
    2.502981    0.6737924    0.5402419     0.422003   158       0.0625            0  0.000729658    0.9992912
    2.620937    0.6737492    0.8272557    0.4366639   159     0.109375            0  0.002383526    0.5694448
     2.76741    0.6738313    0.3882618    0.4215777   160   0.05078125            0 -0.009426903      1.58527
    2.882519    0.6730662    0.4555115    0.4369223   161       0.0625            0 -0.007680995     1.313727
    3.041826    0.6741079     0.446528    0.4232558   162       0.0625            0  0.009265813     1.308624
    3.162457    0.6724893    0.4566466    0.4342397   163       0.0625            0   0.01134842      1.30112
    3.315561    0.6745649    0.4488735    0.4232618   164       0.0625            0  -0.01254077     1.299079
    3.440932    0.6728119      0.45787    0.4343269   165       0.0625            0  -0.01088831     1.296515
    3.588564    0.6743729    0.4520721    0.4262073   166       0.0625            0   0.01008268      1.29518
    3.717436    0.6727379    0.4565169    0.4316676   167       0.0625            0   0.01162494     1.293927
    3.862377    0.6736932    0.4525486    0.4261267   168       0.0625            0 -0.009255671     1.293027
     3.99365    0.6725816    0.4570838    0.4318669   169       0.0625            0 -0.008195032     1.292277
     4.13585    0.6741042    0.4543696    0.4280719   170       0.0625            0   0.00936284     1.291647
    4.268756     0.673137    0.4559879    0.4300131   171       0.0625            0   0.00840237     1.291062
     4.40998    0.6722446    0.4541155    0.4273904   172       0.0625            0 -0.005993071     1.290601
    4.544016    0.6720876    0.4569124    0.4309751   173       0.0625            0  -0.01323374     1.290286
    4.683555    0.6757238    0.4555014    0.4289768   174       0.0625            0  0.003820309     1.289877
    4.818439    0.6732493    0.4556204    0.4289571   175       0.0625            0   0.01469393     1.289346
    4.957906     0.666171     0.452105    0.4241948   176       0.0625            0   0.03698422     1.288933
    5.094924    0.6581447    0.4514237    0.4233598   177       0.0625            0   0.01380139     1.289114
    5.234808    0.6736172     0.453806     0.426536   178       0.0625            0   -0.1019729     1.289251
    5.370372     0.682854     0.461389    0.4363484   179       0.0625            0  -0.03094787     1.288663
    5.505729    0.6802421    0.4564642    0.4294596   180       0.0625            0    0.1052866     1.287517
    5.644216    0.6401407    0.4325113    0.3974445   181       0.0625            0     0.435341     1.284932
    5.794739    0.5349597    0.3856953    0.3368512   182       0.0625            0    0.8539138     1.278486
    5.968306    0.3724815    0.3330963    0.2718352   183       0.0625            0     1.031357     1.266799
    6.170006    0.2113453    0.2931429    0.2253297   184       0.0625            0    0.8092309     1.255762
    6.394719    0.1017822    0.2698934    0.1999115   185       0.0625            0    0.4611473     1.250745
    6.633152   0.04434557    0.2585104    0.1880564   186       0.0625            0    0.2181344     1.249738
    6.878259   0.01831669    0.2534865    0.1829706   187       0.0625            0   0.09401694     1.249812
    7.126275  0.007347411     0.251392    0.1808795   188       0.0625            0   0.03873658     1.249963
     7.37549  0.002891151    0.2505458    0.1800398   189       0.0625            0   0.01557592     1.250047
    7.625185   0.00111967    0.2502107    0.1797081   190       0.0625            0   0.00615939     1.250085
    7.875069 0.0004269607    0.2500801    0.1795791   191       0.0625            0  0.002400382     1.250101
    8.125025  0.000160208    0.2500299    0.1795295   192       0.0625            0  0.000921751     1.250107
    8.375009 5.909461e-05     0.250011    0.1795109   193       0.0625            0 0.0003484284     1.250109
    8.625003 2.140575e-05     0.250004    0.1795039   194       0.0625            0 0.0001294961      1.25011
    8.875001 7.606791e-06    0.2500014    0.1795014   195       0.0625            0 4.726149e-05      1.25011
       9.125 2.648657e-06    0.2500005    0.1795005   196       0.0625            0 1.691214e-05     1.250111
       9.375 8.986985e-07    0.2500002    0.1795002   197       0.0625            0 5.896954e-06     1.250111
       9.625 2.904932e-07    0.2500001    0.1795001   198       0.0625            0 1.957943e-06     1.250111
       9.875            0         0.25       0.1795   199       0.0625            0            0            0
