       0.005            0            1            1     0         0.01            0            0            0
       0.015 1.442559e-12            1            1     1         0.01            0  3.09397e-10            1
       0.025 4.182643e-12            1            1     2         0.01            0 8.746559e-10            1
       0.035 2.110969e-11            1            1     3         0.01            0 4.260747e-09            1
       0.045 6.252837e-11            1            1     4         0.01            0 1.235718e-08            1
       0.055 2.945555e-10            1            1     5         0.01            0 5.605572e-08            1
       0.065 8.395772e-10            1            1     6         0.01            0 1.561469e-07            1
       0.075 3.693486e-09            1            1     7         0.01            0 6.596649e-07            1
       0.085 1.009813e-08            1            1     8         0.01            0 1.758233e-06            1
       0.095 4.133134e-08            1            1     9         0.01            0 6.887584e-06            1
       0.105 1.079952e-07    0.9999999    0.9999998    10         0.01            0   1.7491e-05            1
       0.115 4.094115e-07    0.9999997    0.9999996    11         0.01            0 6.319596e-05            1
       0.125 1.017918e-06     0.999999    0.9999985    12         0.01            0 0.0001521258            1
       0.135 3.554903e-06    0.9999975    0.9999965    13         0.01            0 0.0005035908            1
   0.1450001 8.366342e-06    0.9999915    0.9999882    14         0.01            0  0.001141822            1
   0.1550002 2.673572e-05    0.9999806     0.999973    15         0.01            0  0.003433704            1
   0.1650004 5.917873e-05    0.9999411    0.9999178    16         0.01            0  0.007273772            1
   0.1750014 0.0001715777    0.9998739    0.9998241    17         0.01            0   0.01964568     1.000001
    0.185003 0.0003543319    0.9996534    0.9995163    18         0.01            0   0.03846648     1.000002
   0.1950083 0.0009219356    0.9993114    0.9990391    19         0.01            0   0.09187794     1.000003
   0.2050167  0.001758708    0.9983125    0.9976452    20         0.01            0    0.1639484     1.000007
   0.2150421  0.004052104    0.9969219    0.9957053    21         0.01            0    0.3394114     1.000012
   0.2250785  0.007060333    0.9933736    0.9907591    22         0.01            0    0.5426937     1.000024
   0.2351755   0.01421313    0.9890296    0.9847135    23         0.01            0    0.9532037     1.000039
   0.2453003   0.02241107     0.979511     0.971499    24         0.01            0      1.34584     1.000068
   0.2555939   0.03915937    0.9694343    0.9575673    25         0.01            0     1.983099       1.0001
   0.2659309   0.05581975    0.9505423    0.9315905    26         0.01            0     2.468368      1.00015
   0.2766345   0.08540553    0.9332316    0.9079698    27         0.01            0     3.096093     1.000198
   0.2873618    0.1113423    0.9047715    0.8694925    28         0.01            0     3.465523     1.000257
   0.2987395    0.1530086    0.8816144    0.8385387    29         0.01            0     3.866161     1.000306
   0.3100475    0.1862577    0.8464403    0.7921194    30         0.01            0     4.030924     1.000359
   0.3223679    0.2374207     0.820146    0.7579177    31         0.01            0     4.220102     1.000402
   0.3344334    0.2755529    0.7809709    0.7077551    32         0.01            0     4.229496     1.000447
    0.347977    0.3349824    0.7536733    0.6733904    33         0.01            0     4.321923     1.000485
   0.3609701    0.3762516    0.7116102    0.6213933    34         0.01            0     4.228467     1.000524
   0.3760823    0.4448016    0.6848216    0.5889104    35         0.01            0     4.302073     1.000555
   0.3901748    0.4874977    0.6397992    0.5354439    36         0.01            0     4.113049     1.000582
   0.4073421    0.5677867    0.6151082    0.5067497    37         0.01            0     4.201249     1.000602
   0.4226894    0.6089586    0.5664331    0.4515193    38         0.01            0     3.889868     1.000618
   0.4426508    0.7050807    0.5461573    0.4290589    39         0.01            0     3.981451     1.000627
   0.4593089    0.7387445    0.4932363    0.3720026    40         0.01            0     3.507209     1.000619
   0.4831993    0.8536242    0.4808971    0.3590274    41         0.01            0     3.424374     1.000586
   0.5008978    0.8692438    0.4267153     0.303665    42         0.01            0     2.836387     1.000463
    0.530069    0.9830945    0.4254625    0.3024223    43         0.01            0     1.619917     1.000479
   0.5479055    0.9780148     0.389514    0.2672591    44         0.01            0     1.578086     1.000461
    0.581415    0.9971112    0.3976122    0.2752928    45         0.01            0    -1.352448      1.00127
   0.5982057    0.9757499    0.3975085    0.2755698    46         0.01            0    -1.271609     1.002644
   0.6317284    0.9388262    0.4250749    0.3031685    47         0.01            0   -0.5026747     1.004228
   0.6452563    0.9172111    0.3966798      0.27806    48         0.01            0   -0.1944779     1.014665
   0.6821469    0.9217341    0.4368699    0.3309479    49         0.01            0    0.1906632     1.055034
   0.6910365    0.9241771    0.2447325    0.2742365    50      0.00125            0   0.01724425      1.96769
   0.6923621    0.9195109    0.2545399    0.3223591    51      0.00125            0   0.08294412     2.189182
   0.7008581    0.9246057    0.2384875    0.2825574    52      0.00125            0  -0.08226278     2.102107
   0.7028449    0.9207332     0.263766    0.3178302    53      0.00125            0   -0.0775149     2.053473
   0.7103362    0.9244344    0.2483549    0.2874988    54      0.00125            0   0.09442945     2.020851
   0.7129111    0.9210688    0.2675408     0.314456    55      0.00125            0   0.08946242     1.991654
   0.7196806    0.9244966    0.2539501    0.2904109    56      0.00125            0  -0.09612308     1.978633
   0.7227555    0.9213221    0.2692194    0.3122217    57      0.00125            0    -0.100428     1.960263
   0.7289667    0.9261618    0.2579578    0.2931087    58      0.00125            0    -0.197881     1.953713
   0.7324471    0.9230284    0.2701501    0.3105876    59      0.00125            0   -0.1921002     1.940604
   0.7382208    0.9269928    0.2612049    0.2957345    60      0.00125            0    0.1973254     1.936993
   0.7420181    0.9238611    0.2699637    0.3081739    61      0.00125            0    0.2336519     1.927384
   0.7474813    0.9240422    0.2632688    0.2971387    62      0.00125            0    0.4441495     1.924864
   0.7515141    0.9210811    0.2689116    0.3053288    63      0.00125            0    0.4587294     1.920058
   0.7567781     0.920962     0.264215    0.2976781    64      0.00125            0    0.3938511     1.918698
   0.7609761    0.9184445    0.2676531    0.3029798    65      0.00125            0    0.3662355     1.917841
   0.7661185    0.9179599    0.2644801    0.2979556    66      0.00125            0    0.3558375     1.917791
   0.7704286    0.9154421    0.2663238    0.3009372    67      0.00125            0    0.4187151     1.918236
   0.7755056    0.9139295    0.2641544    0.2975774    68      0.00125            0    0.6050238     1.918664
   0.7798927     0.911935    0.2649626     0.299045    69      0.00125            0    0.6553563     1.919898
   0.7849409    0.9122267    0.2635048    0.2969864    70      0.00125            0   -0.2991487     1.921465
   0.7893802    0.9114984    0.2647814    0.2993661    71      0.00125            0   -0.3059578     1.923801
   0.7943826    0.9151315    0.2637417    0.2980976    72      0.00125            0   -0.3703234      1.92623
   0.7988592    0.9155717    0.2648441    0.3002783    73      0.00125            0   -0.4004599     1.929023
   0.8038221    0.9193409    0.2638405    0.2991063    74      0.00125            0    -1.817311     1.931735
   0.8083346    0.9186222    0.2667412    0.3042203    75      0.00125            0     -1.82965     1.934916
   0.8131945    0.9475484     0.266189    0.3037738    76      0.00125            0    -4.640199      1.93769
   0.8177265    0.9518796    0.2734879    0.3159188    77      0.00125            0    -3.985034      1.94027
   0.8223357    0.9650774    0.2720388    0.3139646    78      0.00125            0   -0.4902588     1.942664
   0.8269163    0.9606622    0.2724401    0.3150006    79      0.00125            0    -1.732752     1.945055
    0.831512    0.9792215    0.2753854     0.320179    80      0.00125            0    -5.038805     1.947492
   0.8359945    0.9970268    0.2798078     0.327671    81      0.00125            0   -0.9914232     1.949101
   0.8404467    0.9876964     0.273862    0.3181125    82      0.00125            0     7.003924     1.950008
   0.8451232    0.9013227    0.2455142    0.2725271    83      0.00125            0     27.74099     1.946715
   0.8506294    0.6829988    0.2001752    0.2022682    84      0.00125            0     50.68191     1.922885
   0.8576122    0.3930539    0.1620242    0.1469581    85      0.00125            0     48.46632     1.878371
   0.8660592    0.1770958    0.1405339    0.1184816    86      0.00125            0     27.56724     1.848236
   0.8754016   0.06954411    0.1309616    0.1068266    87      0.00125            0     11.79089     1.839407
   0.8851488   0.02586383    0.1272046    0.1024818    88      0.00125            0     4.479862     1.837989
   0.8950549  0.009482663     0.125808    0.1009037    89      0.00125            0     1.637699     1.837873
   0.9050203  0.003479981    0.1252969    0.1003312    90      0.00125            0    0.5946434     1.837891
   0.9150076   0.00128383    0.1251097    0.1001222    91      0.00125            0    0.2168851     1.837907
   0.9250028 0.0004760629    0.1250407    0.1000454    92      0.00125            0   0.07969847     1.837913
    0.935001 0.0001770981    0.1250151    0.1000169    93      0.00125            0   0.02949132     1.837916
   0.9450004 6.592389e-05    0.1250056    0.1000063    94      0.00125            0   0.01096637     1.837917
   0.9550001 2.448854e-05    0.1250021    0.1000023    95      0.00125            0  0.004086394     1.837917
   0.9650001 9.048987e-06    0.1250008    0.1000009    96      0.00125            0  0.001520425     1.837917
       0.975 3.296248e-06    0.1250003    0.1000003    97      0.00125            0 0.0005592494     1.837917
       0.985  1.15423e-06    0.1250001    0.1000001    98      0.00125            0 0.0001982177     1.837917
       0.995            0        0.125          0.1    99      0.00125            0            0            0
